backend/services/admin/src/admin.controller.ts(26,3): error TS2564: Property 'decision' has no initializer and is not definitely assigned in the constructor.
backend/services/admin/src/admin.service.spec.ts(98,29): error TS2339: Property 'kycStatus' does not exist on type 'AdminUserView'.
backend/services/admin/src/admin.service.spec.ts(430,18): error TS2551: Property 'usssdSession' does not exist on type '{ user: { findUnique: Mock<any, any, any>; findMany: Mock<any, any, any>; count: Mock<any, any, any>; update: Mock<any, any, any>; }; order: { findMany: Mock<any, any, any>; count: Mock<...>; }; ... 7 more ...; notification: { ...; }; }'. Did you mean 'ussdSession'?
backend/services/admin/src/admin.service.ts(68,50): error TS2353: Object literal may only specify known properties, and 'asBuyer' does not exist in type 'UserCountOutputTypeSelect<DefaultArgs>'.
backend/services/admin/src/admin.service.ts(118,13): error TS2353: Object literal may only specify known properties, and 'asBuyer' does not exist in type 'UserCountOutputTypeSelect<DefaultArgs>'.
backend/services/admin/src/admin.service.ts(195,11): error TS2353: Object literal may only specify known properties, and 'store' does not exist in type 'OrderInclude<DefaultArgs>'.
backend/services/ai-matching/src/ai-matching.service.spec.ts(161,23): error TS2339: Property 'findMany' does not exist on type '{ findUnique: Mock<any, any, any>; }'.
backend/services/ai-matching/src/ai-matching.service.spec.ts(207,23): error TS2339: Property 'findMany' does not exist on type '{ findUnique: Mock<any, any, any>; }'.
backend/services/ai-matching/src/ai-matching.service.spec.ts(222,23): error TS2339: Property 'findMany' does not exist on type '{ findUnique: Mock<any, any, any>; }'.
backend/services/ai-matching/src/ai-matching.service.ts(51,16): error TS2353: Object literal may only specify known properties, and 'userId' does not exist in type 'OrderWhereInput'.
backend/services/ai-matching/src/ai-matching.service.ts(56,26): error TS2561: Object literal may only specify known properties, but 'categories' does not exist in type 'ProductInclude<DefaultArgs>'. Did you mean to write 'category'?
backend/services/ai-matching/src/ai-matching.service.ts(70,32): error TS2339: Property 'items' does not exist on type '{ id: string; currency: string; createdAt: Date; updatedAt: Date; status: OrderStatus; orderNumber: string; subtotal: Decimal; shippingCost: Decimal; ... 11 more ...; sellerId: string; }'.
backend/services/ai-matching/src/ai-matching.service.ts(90,9): error TS2353: Object literal may only specify known properties, and 'isActive' does not exist in type 'ProductWhereInput'.
backend/services/ai-matching/src/ai-matching.service.ts(112,29): error TS2353: Object literal may only specify known properties, and 'reviews' does not exist in type 'ProductCountOutputTypeSelect<DefaultArgs>'.
backend/services/ai-matching/src/ai-matching.service.ts(122,42): error TS2551: Property 'categories' does not exist on type '{ id: string; currency: string; createdAt: Date; updatedAt: Date; length: Decimal | null; name: string; type: ProductType; description: string | null; ... 23 more ...; reviewCount: number; }'. Did you mean 'categoryId'?
backend/services/ai-matching/src/ai-matching.service.ts(123,10): error TS7006: Parameter 'c' implicitly has an 'any' type.
backend/services/ai-matching/src/ai-matching.service.ts(125,58): error TS7006: Parameter 'id' implicitly has an 'any' type.
backend/services/ai-matching/src/ai-matching.service.ts(149,24): error TS2339: Property 'images' does not exist on type '{ id: string; currency: string; createdAt: Date; updatedAt: Date; length: Decimal | null; name: string; type: ProductType; description: string | null; ... 23 more ...; reviewCount: number; }'.
backend/services/ai-matching/src/ai-matching.service.ts(153,30): error TS2551: Property 'store' does not exist on type '{ id: string; currency: string; createdAt: Date; updatedAt: Date; length: Decimal | null; name: string; type: ProductType; description: string | null; ... 23 more ...; reviewCount: number; }'. Did you mean 'storeId'?
backend/services/ai-matching/src/ai-matching.service.ts(154,34): error TS2551: Property 'categories' does not exist on type '{ id: string; currency: string; createdAt: Date; updatedAt: Date; length: Decimal | null; name: string; type: ProductType; description: string | null; ... 23 more ...; reviewCount: number; }'. Did you mean 'categoryId'?
backend/services/ai-matching/src/ai-matching.service.ts(154,50): error TS7006: Parameter 'c' implicitly has an 'any' type.
backend/services/ai-matching/src/ai-matching.service.ts(175,9): error TS2353: Object literal may only specify known properties, and 'skills' does not exist in type 'UserInclude<DefaultArgs>'.
backend/services/ai-matching/src/ai-matching.service.ts(184,18): error TS2339: Property 'skills' does not exist on type '{ id: string; email: string; phone: string | null; passwordHash: string; firstName: string; lastName: string; avatarUrl: string | null; bio: string | null; dateOfBirth: Date | null; ... 26 more ...; deletedAt: Date | null; }'.
backend/services/ai-matching/src/ai-matching.service.ts(184,31): error TS7006: Parameter 's' implicitly has an 'any' type.
backend/services/ai-matching/src/ai-matching.service.ts(190,9): error TS2820: Type '"open"' is not assignable to type 'JobStatus | EnumJobStatusFilter<"Job"> | undefined'. Did you mean '"OPEN"'?
backend/services/ai-matching/src/ai-matching.service.ts(196,64): error TS2353: Object literal may only specify known properties, and 'company' does not exist in type 'UserSelect<DefaultArgs>'.
backend/services/ai-matching/src/ai-matching.service.ts(205,41): error TS2339: Property 'freelanceContract' does not exist on type 'PrismaService'.
backend/services/ai-matching/src/ai-matching.service.ts(226,13): error TS2339: Property 'skills' does not exist on type '{ id: string; currency: string; createdAt: Date; updatedAt: Date; type: JobType; title: string; description: string; status: JobStatus; clientId: string; budgetMin: Decimal | null; ... 7 more ...; publishedAt: Date | null; }'.
backend/services/ai-matching/src/ai-matching.service.ts(226,26): error TS7006: Parameter 's' implicitly has an 'any' type.
backend/services/ai-matching/src/ai-matching.service.ts(227,53): error TS7006: Parameter 's' implicitly has an 'any' type.
backend/services/ai-matching/src/ai-matching.service.ts(229,12): error TS7006: Parameter 'js' implicitly has an 'any' type.
backend/services/ai-matching/src/ai-matching.service.ts(239,21): error TS2339: Property 'freelancerProfile' does not exist on type '{ id: string; email: string; phone: string | null; passwordHash: string; firstName: string; lastName: string; avatarUrl: string | null; bio: string | null; dateOfBirth: Date | null; ... 26 more ...; deletedAt: Date | null; }'.
backend/services/ai-matching/src/ai-matching.service.ts(240,21): error TS2339: Property 'freelancerProfile' does not exist on type '{ id: string; email: string; phone: string | null; passwordHash: string; firstName: string; lastName: string; avatarUrl: string | null; bio: string | null; dateOfBirth: Date | null; ... 26 more ...; deletedAt: Date | null; }'.
backend/services/ai-matching/src/ai-matching.service.ts(242,15): error TS2339: Property 'budget' does not exist on type '{ id: string; currency: string; createdAt: Date; updatedAt: Date; type: JobType; title: string; description: string; status: JobStatus; clientId: string; budgetMin: Decimal | null; ... 7 more ...; publishedAt: Date | null; }'.
backend/services/ai-matching/src/ai-matching.service.ts(244,28): error TS2339: Property 'budget' does not exist on type '{ id: string; currency: string; createdAt: Date; updatedAt: Date; type: JobType; title: string; description: string; status: JobStatus; clientId: string; budgetMin: Decimal | null; ... 7 more ...; publishedAt: Date | null; }'.
backend/services/ai-matching/src/ai-matching.service.ts(244,70): error TS2339: Property 'budget' does not exist on type '{ id: string; currency: string; createdAt: Date; updatedAt: Date; type: JobType; title: string; description: string; status: JobStatus; clientId: string; budgetMin: Decimal | null; ... 7 more ...; publishedAt: Date | null; }'.
backend/services/ai-matching/src/ai-matching.service.ts(264,20): error TS2339: Property 'budget' does not exist on type '{ id: string; currency: string; createdAt: Date; updatedAt: Date; type: JobType; title: string; description: string; status: JobStatus; clientId: string; budgetMin: Decimal | null; ... 7 more ...; publishedAt: Date | null; }'.
backend/services/ai-matching/src/ai-matching.service.ts(268,17): error TS2551: Property 'client' does not exist on type '{ id: string; currency: string; createdAt: Date; updatedAt: Date; type: JobType; title: string; description: string; status: JobStatus; clientId: string; budgetMin: Decimal | null; ... 7 more ...; publishedAt: Date | null; }'. Did you mean 'clientId'?
backend/services/ai-matching/src/ai-matching.service.ts(269,20): error TS2551: Property 'client' does not exist on type '{ id: string; currency: string; createdAt: Date; updatedAt: Date; type: JobType; title: string; description: string; status: JobStatus; clientId: string; budgetMin: Decimal | null; ... 7 more ...; publishedAt: Date | null; }'. Did you mean 'clientId'?
backend/services/ai-matching/src/ai-matching.service.ts(269,45): error TS2551: Property 'client' does not exist on type '{ id: string; currency: string; createdAt: Date; updatedAt: Date; type: JobType; title: string; description: string; status: JobStatus; clientId: string; budgetMin: Decimal | null; ... 7 more ...; publishedAt: Date | null; }'. Did you mean 'clientId'?
backend/services/ai-matching/src/ai-matching.service.ts(322,27): error TS2339: Property 'budget' does not exist on type '{ skills: ({ skill: { id: string; name: string; category: string | null; slug: string; }; } & { jobId: string; skillId: string; })[]; } & { id: string; currency: string; createdAt: Date; updatedAt: Date; ... 13 more ...; publishedAt: Date | null; }'.
backend/services/ai-matching/src/ai-matching.service.ts(327,9): error TS2561: Object literal may only specify known properties, but 'role' does not exist in type 'UserWhereInput'. Did you mean to write 'roles'?
backend/services/ai-matching/src/ai-matching.service.ts(335,13): error TS2353: Object literal may only specify known properties, and 'completedFreelanceOrders' does not exist in type 'UserCountOutputTypeSelect<DefaultArgs>'.
backend/services/ai-matching/src/ai-matching.service.ts(350,20): error TS2339: Property 'skills' does not exist on type '{ id: string; email: string; phone: string | null; passwordHash: string; firstName: string; lastName: string; avatarUrl: string | null; bio: string | null; dateOfBirth: Date | null; ... 26 more ...; deletedAt: Date | null; }'.
backend/services/ai-matching/src/ai-matching.service.ts(350,33): error TS7006: Parameter 's' implicitly has an 'any' type.
backend/services/ai-matching/src/ai-matching.service.ts(352,21): error TS2339: Property 'freelancerProfile' does not exist on type '{ id: string; email: string; phone: string | null; passwordHash: string; firstName: string; lastName: string; avatarUrl: string | null; bio: string | null; dateOfBirth: Date | null; ... 26 more ...; deletedAt: Date | null; }'.
backend/services/ai-matching/src/ai-matching.service.ts(353,21): error TS2339: Property 'freelancerProfile' does not exist on type '{ id: string; email: string; phone: string | null; passwordHash: string; firstName: string; lastName: string; avatarUrl: string | null; bio: string | null; dateOfBirth: Date | null; ... 26 more ...; deletedAt: Date | null; }'.
backend/services/ai-matching/src/ai-matching.service.ts(361,14): error TS7006: Parameter 'fs' implicitly has an 'any' type.
backend/services/ai-matching/src/ai-matching.service.ts(377,21): error TS2339: Property 'freelancerProfile' does not exist on type '{ id: string; email: string; phone: string | null; passwordHash: string; firstName: string; lastName: string; avatarUrl: string | null; bio: string | null; dateOfBirth: Date | null; ... 26 more ...; deletedAt: Date | null; }'.
backend/services/ai-matching/src/ai-matching.service.ts(381,26): error TS2820: Type '"funded"' is not assignable to type 'EscrowStatus'. Did you mean '"FUNDED"'?
backend/services/ai-matching/src/ai-matching.service.ts(381,36): error TS2322: Type '"in_progress"' is not assignable to type 'EscrowStatus'.
backend/services/analytics/src/analytics.service.spec.ts(137,23): error TS2339: Property 'findMany' does not exist on type '{ count: Mock<any, any, any>; }'.
backend/services/analytics/src/analytics.service.ts(79,46): error TS2322: Type '"COMPLETED"' is not assignable to type 'OrderStatus'.
backend/services/analytics/src/analytics.service.ts(94,21): error TS18048: 'totalRevenueResult._sum' is possibly 'undefined'.
backend/services/analytics/src/analytics.service.ts(110,37): error TS2322: Type '"COMPLETED"' is not assignable to type 'OrderStatus'.
backend/services/analytics/src/analytics.service.ts(244,44): error TS2367: This comparison appears to be unintentional because the types '"CANCELLED" | "PENDING" | "PAID" | "REFUNDED" | "PROCESSING" | "PACKED" | "SHIPPED" | "RETURNED"' and '"COMPLETED"' have no overlap.
backend/services/analytics/src/analytics.service.ts(262,45): error TS2339: Property 'toNumber' does not exist on type 'number'.
backend/services/api-gateway/src/app.module.ts(21,10): error TS2724: '"../../kyc/src/kyc.module"' has no exported member named 'KycModule'. Did you mean 'KYCModule'?
backend/services/api-gateway/src/middleware/auth.middleware.ts(24,7): error TS2717: Subsequent property declarations must have the same type.  Property 'user' must be of type 'User | undefined', but here has type 'JwtPayload | undefined'.
backend/services/api-gateway/src/middleware/auth.middleware.ts(111,52): error TS18046: 'error' is of type 'unknown'.
backend/services/auth/src/auth.controller.ts(56,59): error TS2554: Expected 1 arguments, but got 2.
backend/services/auth/src/auth.controller.ts(86,44): error TS2554: Expected 1 arguments, but got 2.
backend/services/auth/src/auth.service.spec.ts(291,21): error TS2339: Property 'user' does not exist on type '{ message: string; }'.
backend/services/auth/src/auth.service.spec.ts(343,55): error TS2554: Expected 1 arguments, but got 2.
backend/services/auth/src/dto/register.dto.ts(7,3): error TS2564: Property 'email' has no initializer and is not definitely assigned in the constructor.
backend/services/auth/src/dto/register.dto.ts(13,3): error TS2564: Property 'password' has no initializer and is not definitely assigned in the constructor.
backend/services/auth/src/dto/register.dto.ts(19,3): error TS2564: Property 'firstName' has no initializer and is not definitely assigned in the constructor.
backend/services/auth/src/dto/register.dto.ts(25,3): error TS2564: Property 'lastName' has no initializer and is not definitely assigned in the constructor.
backend/services/auth/src/mfa/mfa.service.ts(2,28): error TS2307: Cannot find module 'speakeasy' or its corresponding type declarations.
backend/services/auth/src/mfa/mfa.service.ts(3,25): error TS2307: Cannot find module 'qrcode' or its corresponding type declarations.
backend/services/auth/src/strategies/apple.strategy.ts(3,26): error TS2307: Cannot find module 'passport-apple' or its corresponding type declarations.
backend/services/auth/src/strategies/jwt.strategy.ts(34,9): error TS2561: Object literal may only specify known properties, but 'role' does not exist in type 'UserSelect<DefaultArgs>'. Did you mean to write 'roles'?
backend/services/auth/src/strategies/jwt.strategy.ts(47,20): error TS2339: Property 'role' does not exist on type '{ id: string; email: string; phone: string | null; passwordHash: string; firstName: string; lastName: string; avatarUrl: string | null; bio: string | null; dateOfBirth: Date | null; ... 26 more ...; deletedAt: Date | null; }'.
backend/services/dispute/src/dispute.service.spec.ts(179,24): error TS2339: Property 'openedById' does not exist on type 'DisputeRecord'.
backend/services/escrow/src/escrow.service.spec.ts(41,11): error TS2741: Property 'contractId' is missing in type '{ currency: string; totalAmount: number; clientId: string; freelancerId: string; projectTitle: string; commissionRate: number; milestones: { title: string; amount: number; }[]; }' but required in type 'CreateEscrowDto'.
backend/services/escrow/src/escrow.service.spec.ts(81,21): error TS2339: Property 'totalAmount' does not exist on type 'EscrowRecord'.
backend/services/escrow/src/escrow.service.spec.ts(82,21): error TS2339: Property 'commissionAmount' does not exist on type 'EscrowRecord'.
backend/services/escrow/src/escrow.service.spec.ts(83,21): error TS2551: Property 'netAmount' does not exist on type 'EscrowRecord'. Did you mean 'amount'?
backend/services/freelance/src/dto/freelance.dto.ts(28,3): error TS2564: Property 'title' has no initializer and is not definitely assigned in the constructor.
backend/services/freelance/src/dto/freelance.dto.ts(56,3): error TS2564: Property 'name' has no initializer and is not definitely assigned in the constructor.
backend/services/freelance/src/dto/freelance.dto.ts(74,3): error TS2564: Property 'company' has no initializer and is not definitely assigned in the constructor.
backend/services/freelance/src/dto/freelance.dto.ts(79,3): error TS2564: Property 'title' has no initializer and is not definitely assigned in the constructor.
backend/services/freelance/src/dto/freelance.dto.ts(84,3): error TS2564: Property 'startDate' has no initializer and is not definitely assigned in the constructor.
backend/services/freelance/src/dto/freelance.dto.ts(106,3): error TS2564: Property 'institution' has no initializer and is not definitely assigned in the constructor.
backend/services/freelance/src/dto/freelance.dto.ts(111,3): error TS2564: Property 'degree' has no initializer and is not definitely assigned in the constructor.
backend/services/freelance/src/dto/freelance.dto.ts(116,3): error TS2564: Property 'fieldOfStudy' has no initializer and is not definitely assigned in the constructor.
backend/services/freelance/src/dto/freelance.dto.ts(121,3): error TS2564: Property 'startYear' has no initializer and is not definitely assigned in the constructor.
backend/services/freelance/src/dto/freelance.dto.ts(133,3): error TS2564: Property 'name' has no initializer and is not definitely assigned in the constructor.
backend/services/freelance/src/dto/freelance.dto.ts(138,3): error TS2564: Property 'issuer' has no initializer and is not definitely assigned in the constructor.
backend/services/freelance/src/dto/freelance.dto.ts(143,3): error TS2564: Property 'issueDate' has no initializer and is not definitely assigned in the constructor.
backend/services/freelance/src/dto/freelance.dto.ts(160,3): error TS2564: Property 'language' has no initializer and is not definitely assigned in the constructor.
backend/services/freelance/src/dto/freelance.dto.ts(165,3): error TS2564: Property 'proficiency' has no initializer and is not definitely assigned in the constructor.
backend/services/freelance/src/dto/freelance.dto.ts(173,3): error TS2564: Property 'headline' has no initializer and is not definitely assigned in the constructor.
backend/services/freelance/src/freelance.service.spec.ts(263,73): error TS2322: Type '"expert"' is not assignable to type 'ProficiencyLevel | undefined'.
backend/services/freelance/src/freelance.service.ts(63,9): error TS2322: Type 'string[]' is not assignable to type 'FreelancerSkillUncheckedCreateNestedManyWithoutFreelancerProfileInput | FreelancerSkillCreateNestedManyWithoutFreelancerProfileInput | undefined'.
backend/services/freelance/src/freelance.service.ts(67,9): error TS2322: Type 'CertificationDto[]' is not assignable to type 'FreelancerCertificationUncheckedCreateNestedManyWithoutFreelancerProfileInput | FreelancerCertificationCreateNestedManyWithoutFreelancerProfileInput | undefined'.
backend/services/freelance/src/freelance.service.ts(68,9): error TS2322: Type 'LanguageDto[]' is not assignable to type 'FreelancerLanguageUncheckedCreateNestedManyWithoutFreelancerProfileInput | FreelancerLanguageCreateNestedManyWithoutFreelancerProfileInput | undefined'.
backend/services/freelance/src/freelance.service.ts(102,9): error TS2353: Object literal may only specify known properties, and 'bio' does not exist in type '(Without<FreelancerProfileUpdateInput, FreelancerProfileUncheckedUpdateInput> & FreelancerProfileUncheckedUpdateInput) | (Without<...> & FreelancerProfileUpdateInput)'.
backend/services/freelance/src/freelance.service.ts(145,31): error TS2339: Property 'portfolio' does not exist on type '{ id: string; currency: string; createdAt: Date; updatedAt: Date; userId: string; hourlyRate: Decimal | null; averageRating: Decimal; reviewCount: number; headline: string | null; ... 5 more ...; responseTime: number | null; }'.
backend/services/freelance/src/freelance.service.ts(155,9): error TS2353: Object literal may only specify known properties, and 'portfolio' does not exist in type '(Without<FreelancerProfileUpdateInput, FreelancerProfileUncheckedUpdateInput> & FreelancerProfileUncheckedUpdateInput) | (Without<...> & FreelancerProfileUpdateInput)'.
backend/services/freelance/src/freelance.service.ts(178,32): error TS2339: Property 'portfolio' does not exist on type '{ id: string; currency: string; createdAt: Date; updatedAt: Date; userId: string; hourlyRate: Decimal | null; averageRating: Decimal; reviewCount: number; headline: string | null; ... 5 more ...; responseTime: number | null; }'.
backend/services/freelance/src/freelance.service.ts(182,15): error TS2353: Object literal may only specify known properties, and 'portfolio' does not exist in type '(Without<FreelancerProfileUpdateInput, FreelancerProfileUncheckedUpdateInput> & FreelancerProfileUncheckedUpdateInput) | (Without<...> & FreelancerProfileUpdateInput)'.
backend/services/freelance/src/freelance.service.ts(206,28): error TS2339: Property 'skills' does not exist on type '{ id: string; currency: string; createdAt: Date; updatedAt: Date; userId: string; hourlyRate: Decimal | null; averageRating: Decimal; reviewCount: number; headline: string | null; ... 5 more ...; responseTime: number | null; }'.
backend/services/freelance/src/freelance.service.ts(215,9): error TS2322: Type 'any[]' is not assignable to type 'FreelancerSkillUncheckedUpdateManyWithoutFreelancerProfileNestedInput | FreelancerSkillUpdateManyWithoutFreelancerProfileNestedInput | undefined'.
backend/services/freelance/src/freelance.service.ts(238,29): error TS2339: Property 'skills' does not exist on type '{ id: string; currency: string; createdAt: Date; updatedAt: Date; userId: string; hourlyRate: Decimal | null; averageRating: Decimal; reviewCount: number; headline: string | null; ... 5 more ...; responseTime: number | null; }'.
backend/services/freelance/src/freelance.service.ts(244,15): error TS2322: Type 'any[]' is not assignable to type 'FreelancerSkillUncheckedUpdateManyWithoutFreelancerProfileNestedInput | FreelancerSkillUpdateManyWithoutFreelancerProfileNestedInput | undefined'.
backend/services/freelance/src/freelance.service.ts(268,32): error TS2339: Property 'experience' does not exist on type '{ id: string; currency: string; createdAt: Date; updatedAt: Date; userId: string; hourlyRate: Decimal | null; averageRating: Decimal; reviewCount: number; headline: string | null; ... 5 more ...; responseTime: number | null; }'.
backend/services/freelance/src/freelance.service.ts(278,9): error TS2561: Object literal may only specify known properties, but 'experience' does not exist in type '(Without<FreelancerProfileUpdateInput, FreelancerProfileUncheckedUpdateInput> & FreelancerProfileUncheckedUpdateInput) | (Without<...> & FreelancerProfileUpdateInput)'. Did you mean to write 'experiences'?
backend/services/freelance/src/freelance.service.ts(303,31): error TS2339: Property 'education' does not exist on type '{ id: string; currency: string; createdAt: Date; updatedAt: Date; userId: string; hourlyRate: Decimal | null; averageRating: Decimal; reviewCount: number; headline: string | null; ... 5 more ...; responseTime: number | null; }'.
backend/services/freelance/src/freelance.service.ts(312,9): error TS2561: Object literal may only specify known properties, but 'education' does not exist in type '(Without<FreelancerProfileUpdateInput, FreelancerProfileUncheckedUpdateInput> & FreelancerProfileUncheckedUpdateInput) | (Without<...> & FreelancerProfileUpdateInput)'. Did you mean to write 'educations'?
backend/services/freelance/src/freelance.service.ts(337,36): error TS2339: Property 'certifications' does not exist on type '{ id: string; currency: string; createdAt: Date; updatedAt: Date; userId: string; hourlyRate: Decimal | null; averageRating: Decimal; reviewCount: number; headline: string | null; ... 5 more ...; responseTime: number | null; }'.
backend/services/freelance/src/freelance.service.ts(346,9): error TS2322: Type 'any[]' is not assignable to type 'FreelancerCertificationUncheckedUpdateManyWithoutFreelancerProfileNestedInput | FreelancerCertificationUpdateManyWithoutFreelancerProfileNestedInput | undefined'.
backend/services/freelance/src/freelance.service.ts(369,31): error TS2339: Property 'languages' does not exist on type '{ id: string; currency: string; createdAt: Date; updatedAt: Date; userId: string; hourlyRate: Decimal | null; averageRating: Decimal; reviewCount: number; headline: string | null; ... 5 more ...; responseTime: number | null; }'.
backend/services/freelance/src/freelance.service.ts(373,9): error TS2322: Type 'any[]' is not assignable to type 'FreelancerLanguageUncheckedUpdateManyWithoutFreelancerProfileNestedInput | FreelancerLanguageUpdateManyWithoutFreelancerProfileNestedInput | undefined'.
backend/services/job/src/job.controller.ts(20,3): error TS2564: Property 'title' has no initializer and is not definitely assigned in the constructor.
backend/services/job/src/job.controller.ts(21,3): error TS2564: Property 'description' has no initializer and is not definitely assigned in the constructor.
backend/services/job/src/job.controller.ts(22,3): error TS2564: Property 'type' has no initializer and is not definitely assigned in the constructor.
backend/services/job/src/job.controller.ts(23,3): error TS2564: Property 'budget' has no initializer and is not definitely assigned in the constructor.
backend/services/job/src/job.controller.ts(26,3): error TS2564: Property 'skills' has no initializer and is not definitely assigned in the constructor.
backend/services/job/src/job.controller.ts(47,3): error TS2564: Property 'jobId' has no initializer and is not definitely assigned in the constructor.
backend/services/job/src/job.controller.ts(48,3): error TS2564: Property 'coverLetter' has no initializer and is not definitely assigned in the constructor.
backend/services/job/src/job.controller.ts(49,3): error TS2564: Property 'proposedAmount' has no initializer and is not definitely assigned in the constructor.
backend/services/job/src/job.controller.ts(50,3): error TS2564: Property 'estimatedDays' has no initializer and is not definitely assigned in the constructor.
backend/services/job/src/job.service.ts(17,9): error TS2353: Object literal may only specify known properties, and 'budget' does not exist in type '(Without<JobCreateInput, JobUncheckedCreateInput> & JobUncheckedCreateInput) | (Without<JobUncheckedCreateInput, JobCreateInput> & JobCreateInput)'.
backend/services/job/src/job.service.ts(28,9): error TS2353: Object literal may only specify known properties, and 'postedBy' does not exist in type 'JobInclude<DefaultArgs>'.
backend/services/job/src/job.service.ts(43,13): error TS2339: Property 'postedById' does not exist on type '{ id: string; currency: string; createdAt: Date; updatedAt: Date; type: JobType; title: string; description: string; status: JobStatus; clientId: string; budgetMin: Decimal | null; ... 7 more ...; publishedAt: Date | null; }'.
backend/services/job/src/job.service.ts(45,17): error TS2339: Property 'role' does not exist on type '{ id: string; email: string; phone: string | null; passwordHash: string; firstName: string; lastName: string; avatarUrl: string | null; bio: string | null; dateOfBirth: Date | null; ... 26 more ...; deletedAt: Date | null; }'.
backend/services/job/src/job.service.ts(71,9): error TS2353: Object literal may only specify known properties, and 'postedBy' does not exist in type 'JobInclude<DefaultArgs>'.
backend/services/job/src/job.service.ts(86,13): error TS2339: Property 'postedById' does not exist on type '{ id: string; currency: string; createdAt: Date; updatedAt: Date; type: JobType; title: string; description: string; status: JobStatus; clientId: string; budgetMin: Decimal | null; ... 7 more ...; publishedAt: Date | null; }'.
backend/services/job/src/job.service.ts(88,17): error TS2339: Property 'role' does not exist on type '{ id: string; email: string; phone: string | null; passwordHash: string; firstName: string; lastName: string; avatarUrl: string | null; bio: string | null; dateOfBirth: Date | null; ... 26 more ...; deletedAt: Date | null; }'.
backend/services/job/src/job.service.ts(114,47): error TS2353: Object literal may only specify known properties, and 'name' does not exist in type 'UserSelect<DefaultArgs>'.
backend/services/job/src/job.service.ts(166,11): error TS2353: Object literal may only specify known properties, and 'postedBy' does not exist in type 'JobInclude<DefaultArgs>'.
backend/services/job/src/job.service.ts(203,11): error TS2353: Object literal may only specify known properties, and 'postedBy' does not exist in type 'JobInclude<DefaultArgs>'.
backend/services/job/src/job.service.ts(254,9): error TS2353: Object literal may only specify known properties, and 'milestones' does not exist in type 'Without<ProposalCreateInput, ProposalUncheckedCreateInput> & ProposalUncheckedCreateInput'.
backend/services/job/src/job.service.ts(257,43): error TS2353: Object literal may only specify known properties, and 'name' does not exist in type 'UserSelect<DefaultArgs>'.
backend/services/job/src/job.service.ts(258,49): error TS2353: Object literal may only specify known properties, and 'budget' does not exist in type 'JobSelect<DefaultArgs>'.
backend/services/job/src/job.service.ts(274,13): error TS2339: Property 'postedById' does not exist on type '{ id: string; currency: string; createdAt: Date; updatedAt: Date; type: JobType; title: string; description: string; status: JobStatus; clientId: string; budgetMin: Decimal | null; ... 7 more ...; publishedAt: Date | null; }'.
backend/services/job/src/job.service.ts(276,17): error TS2339: Property 'role' does not exist on type '{ id: string; email: string; phone: string | null; passwordHash: string; firstName: string; lastName: string; avatarUrl: string | null; bio: string | null; dateOfBirth: Date | null; ... 26 more ...; deletedAt: Date | null; }'.
backend/services/job/src/job.service.ts(285,43): error TS2353: Object literal may only specify known properties, and 'name' does not exist in type 'UserSelect<DefaultArgs>'.
backend/services/kyc/src/identity-verification.registry.ts(2,46): error TS2307: Cannot find module './identity-verification-provider.interface' or its corresponding type declarations.
backend/services/kyc/src/kyc.controller.ts(21,3): error TS2564: Property 'provider' has no initializer and is not definitely assigned in the constructor.
backend/services/kyc/src/kyc.controller.ts(22,3): error TS2564: Property 'documentType' has no initializer and is not definitely assigned in the constructor.
backend/services/kyc/src/kyc.controller.ts(23,3): error TS2564: Property 'documentNumber' has no initializer and is not definitely assigned in the constructor.
backend/services/kyc/src/kyc.controller.ts(24,3): error TS2564: Property 'firstName' has no initializer and is not definitely assigned in the constructor.
backend/services/kyc/src/kyc.controller.ts(25,3): error TS2564: Property 'lastName' has no initializer and is not definitely assigned in the constructor.
backend/services/kyc/src/kyc.controller.ts(35,3): error TS2564: Property 'documentNumber' has no initializer and is not definitely assigned in the constructor.
backend/services/kyc/src/kyc.controller.ts(36,3): error TS2564: Property 'firstName' has no initializer and is not definitely assigned in the constructor.
backend/services/kyc/src/kyc.controller.ts(37,3): error TS2564: Property 'lastName' has no initializer and is not definitely assigned in the constructor.
backend/services/kyc/src/kyc.controller.ts(42,3): error TS2564: Property 'decision' has no initializer and is not definitely assigned in the constructor.
backend/services/kyc/src/kyc.controller.ts(43,3): error TS2564: Property 'reviewNote' has no initializer and is not definitely assigned in the constructor.
backend/services/kyc/src/kyc.controller.ts(114,35): error TS2694: Namespace 'global.Express' has no exported member 'Multer'.
backend/services/kyc/src/kyc.service.ts(63,52): error TS2339: Property 'kYCVerification' does not exist on type 'PrismaService'.
backend/services/kyc/src/kyc.service.ts(93,44): error TS2339: Property 'kYCVerification' does not exist on type 'PrismaService'.
backend/services/kyc/src/kyc.service.ts(128,44): error TS2339: Property 'kYCVerification' does not exist on type 'PrismaService'.
backend/services/kyc/src/kyc.service.ts(145,47): error TS2339: Property 'kYCVerification' does not exist on type 'PrismaService'.
backend/services/kyc/src/kyc.service.ts(186,44): error TS2339: Property 'kYCVerification' does not exist on type 'PrismaService'.
backend/services/kyc/src/kyc.service.ts(241,40): error TS2339: Property 'kYCDocument' does not exist on type 'PrismaService'.
backend/services/kyc/src/kyc.service.ts(276,44): error TS2339: Property 'kYCVerification' does not exist on type 'PrismaService'.
backend/services/kyc/src/kyc.service.ts(288,39): error TS2339: Property 'kYCVerification' does not exist on type 'PrismaService'.
backend/services/kyc/src/kyc.service.ts(325,19): error TS2339: Property 'kYCVerification' does not exist on type 'PrismaService'.
backend/services/kyc/src/kyc.service.ts(331,19): error TS2339: Property 'kYCVerification' does not exist on type 'PrismaService'.
backend/services/kyc/src/kyc.service.ts(335,41): error TS7006: Parameter 'v' implicitly has an 'any' type.
backend/services/messaging/src/messaging.controller.ts(18,3): error TS2564: Property 'participantIds' has no initializer and is not definitely assigned in the constructor.
backend/services/messaging/src/messaging.controller.ts(25,3): error TS2564: Property 'conversationId' has no initializer and is not definitely assigned in the constructor.
backend/services/messaging/src/messaging.controller.ts(26,3): error TS2564: Property 'content' has no initializer and is not definitely assigned in the constructor.
backend/services/messaging/src/messaging.gateway.ts(25,3): error TS2564: Property 'server' has no initializer and is not definitely assigned in the constructor.
backend/services/messaging/src/messaging.service.ts(18,9): error TS2353: Object literal may only specify known properties, and 'jobId' does not exist in type '(Without<ConversationCreateInput, ConversationUncheckedCreateInput> & ConversationUncheckedCreateInput) | (Without<...> & ConversationCreateInput)'.
backend/services/messaging/src/messaging.service.ts(31,13): error TS2353: Object literal may only specify known properties, and 'user' does not exist in type 'ConversationParticipantInclude<DefaultArgs>'.
backend/services/messaging/src/messaging.service.ts(55,13): error TS2353: Object literal may only specify known properties, and 'user' does not exist in type 'ConversationParticipantInclude<DefaultArgs>'.
backend/services/messaging/src/messaging.service.ts(62,43): error TS2353: Object literal may only specify known properties, and 'name' does not exist in type 'UserSelect<DefaultArgs>'.
backend/services/messaging/src/messaging.service.ts(98,41): error TS2353: Object literal may only specify known properties, and 'name' does not exist in type 'UserSelect<DefaultArgs>'.
backend/services/messaging/src/messaging.service.ts(141,9): error TS2353: Object literal may only specify known properties, and 'messageType' does not exist in type 'Without<MessageCreateInput, MessageUncheckedCreateInput> & MessageUncheckedCreateInput'.
backend/services/messaging/src/messaging.service.ts(145,39): error TS2353: Object literal may only specify known properties, and 'name' does not exist in type 'UserSelect<DefaultArgs>'.
backend/services/messaging/src/messaging.service.ts(175,9): error TS2353: Object literal may only specify known properties, and 'readBy' does not exist in type 'MessageWhereInput'.
backend/services/messaging/src/messaging.service.ts(184,25): error TS2339: Property 'messageReadReceipt' does not exist on type 'PrismaService'.
backend/services/notification/src/notification.service.spec.ts(91,21): error TS2339: Property 'channels' does not exist on type '{ data: JsonValue; id: string; createdAt: Date; userId: string; type: NotificationType; title: string; isRead: boolean; readAt: Date | null; body: string; sentViaEmail: boolean; sentViaSms: boolean; sentViaPush: boolean; sentViaInApp: boolean; }'.
backend/services/notification/src/notification.service.ts(54,9): error TS2322: Type 'string' is not assignable to type 'NotificationType'.
backend/services/notification/src/notification.service.ts(175,17): error TS2353: Object literal may only specify known properties, and 'notificationSettings' does not exist in type 'UserSelect<DefaultArgs>'.
backend/services/notification/src/notification.service.ts(182,18): error TS2339: Property 'notificationSettings' does not exist on type '{ id: string; email: string; phone: string | null; passwordHash: string; firstName: string; lastName: string; avatarUrl: string | null; bio: string | null; dateOfBirth: Date | null; ... 26 more ...; deletedAt: Date | null; }'.
backend/services/notification/src/notification.service.ts(205,15): error TS2353: Object literal may only specify known properties, and 'notificationSettings' does not exist in type '(Without<UserUpdateInput, UserUncheckedUpdateInput> & UserUncheckedUpdateInput) | (Without<...> & UserUpdateInput)'.
backend/services/notification/src/notification.service.ts(224,32): error TS2353: Object literal may only specify known properties, and 'notificationSettings' does not exist in type 'UserSelect<DefaultArgs>'.
backend/services/notification/src/notification.service.ts(232,30): error TS2339: Property 'notificationSettings' does not exist on type '{ id: string; email: string; phone: string | null; passwordHash: string; firstName: string; lastName: string; avatarUrl: string | null; bio: string | null; dateOfBirth: Date | null; ... 26 more ...; deletedAt: Date | null; }'.
backend/services/notification/src/notification.service.ts(249,19): error TS2353: Object literal may only specify known properties, and 'phoneNumber' does not exist in type 'UserSelect<DefaultArgs>'.
backend/services/notification/src/notification.service.ts(252,26): error TS2339: Property 'phoneNumber' does not exist on type '{ id: string; email: string; phone: string | null; passwordHash: string; firstName: string; lastName: string; avatarUrl: string | null; bio: string | null; dateOfBirth: Date | null; ... 26 more ...; deletedAt: Date | null; }'.
backend/services/notification/src/notification.service.ts(257,30): error TS2339: Property 'notificationSettings' does not exist on type '{ id: string; email: string; phone: string | null; passwordHash: string; firstName: string; lastName: string; avatarUrl: string | null; bio: string | null; dateOfBirth: Date | null; ... 26 more ...; deletedAt: Date | null; }'.
backend/services/notification/src/notification.service.ts(264,46): error TS2339: Property 'phoneNumber' does not exist on type '{ id: string; email: string; phone: string | null; passwordHash: string; firstName: string; lastName: string; avatarUrl: string | null; bio: string | null; dateOfBirth: Date | null; ... 26 more ...; deletedAt: Date | null; }'.
backend/services/notification/src/notification.service.ts(279,19): error TS2353: Object literal may only specify known properties, and 'notificationSettings' does not exist in type 'UserSelect<DefaultArgs>'.
backend/services/notification/src/notification.service.ts(287,30): error TS2339: Property 'notificationSettings' does not exist on type '{ id: string; email: string; phone: string | null; passwordHash: string; firstName: string; lastName: string; avatarUrl: string | null; bio: string | null; dateOfBirth: Date | null; ... 26 more ...; deletedAt: Date | null; }'.
backend/services/order/src/order.controller.ts(18,3): error TS2564: Property 'items' has no initializer and is not definitely assigned in the constructor.
backend/services/order/src/order.controller.ts(23,3): error TS2564: Property 'shippingAddress' has no initializer and is not definitely assigned in the constructor.
backend/services/order/src/order.controller.ts(45,3): error TS2564: Property 'paymentMethod' has no initializer and is not definitely assigned in the constructor.
backend/services/order/src/order.controller.ts(50,3): error TS2564: Property 'status' has no initializer and is not definitely assigned in the constructor.
backend/services/order/src/order.controller.ts(57,3): error TS2564: Property 'reason' has no initializer and is not definitely assigned in the constructor.
backend/services/order/src/order.controller.ts(67,2): error TS2304: Cannot find name 'UseGuards'.
backend/services/order/src/order.controller.ts(93,4): error TS2304: Cannot find name 'UseGuards'.
backend/services/order/src/order.controller.ts(113,4): error TS2304: Cannot find name 'UseGuards'.
backend/services/order/src/order.service.ts(17,40): error TS2353: Object literal may only specify known properties, and 'isActive' does not exist in type 'ProductWhereInput'.
backend/services/order/src/order.service.ts(18,63): error TS2353: Object literal may only specify known properties, and 'ownerId' does not exist in type 'StoreSelect<DefaultArgs>'.
backend/services/order/src/order.service.ts(28,33): error TS2551: Property 'store' does not exist on type '{ id: string; currency: string; createdAt: Date; updatedAt: Date; length: Decimal | null; name: string; type: ProductType; description: string | null; ... 23 more ...; reviewCount: number; }'. Did you mean 'storeId'?
backend/services/order/src/order.service.ts(40,33): error TS2339: Property 'variants' does not exist on type '{ id: string; currency: string; createdAt: Date; updatedAt: Date; length: Decimal | null; name: string; type: ProductType; description: string | null; ... 23 more ...; reviewCount: number; }'.
backend/services/order/src/order.service.ts(40,48): error TS7006: Parameter 'v' implicitly has an 'any' type.
backend/services/order/src/order.service.ts(54,21): error TS2339: Property 'stock' does not exist on type '{ id: string; currency: string; createdAt: Date; updatedAt: Date; length: Decimal | null; name: string; type: ProductType; description: string | null; ... 23 more ...; reviewCount: number; }'.
backend/services/order/src/order.service.ts(59,25): error TS2362: The left-hand side of an arithmetic operation must be of type 'any', 'number', 'bigint' or an enum type.
backend/services/order/src/order.service.ts(72,26): error TS2551: Property 'store' does not exist on type '{ id: string; currency: string; createdAt: Date; updatedAt: Date; length: Decimal | null; name: string; type: ProductType; description: string | null; ... 23 more ...; reviewCount: number; }'. Did you mean 'storeId'?
backend/services/order/src/order.service.ts(83,27): error TS2551: Property 'startDate' does not exist on type '{ id: string; createdAt: Date; updatedAt: Date; description: string | null; storeId: string | null; isActive: boolean; code: string; productId: string | null; discountType: string; ... 7 more ...; expiresAt: Date | null; }'. Did you mean 'startsAt'?
backend/services/order/src/order.service.ts(83,54): error TS2339: Property 'endDate' does not exist on type '{ id: string; createdAt: Date; updatedAt: Date; description: string | null; storeId: string | null; isActive: boolean; code: string; productId: string | null; discountType: string; ... 7 more ...; expiresAt: Date | null; }'.
backend/services/order/src/order.service.ts(84,44): error TS2551: Property 'usedCount' does not exist on type '{ id: string; createdAt: Date; updatedAt: Date; description: string | null; storeId: string | null; isActive: boolean; code: string; productId: string | null; discountType: string; ... 7 more ...; expiresAt: Date | null; }'. Did you mean 'usageCount'?
backend/services/order/src/order.service.ts(85,43): error TS2365: Operator '>=' cannot be applied to types 'number' and 'Decimal'.
backend/services/order/src/order.service.ts(88,46): error TS2363: The right-hand side of an arithmetic operation must be of type 'any', 'number', 'bigint' or an enum type.
backend/services/order/src/order.service.ts(89,28): error TS2339: Property 'maxDiscountAmount' does not exist on type '{ id: string; createdAt: Date; updatedAt: Date; description: string | null; storeId: string | null; isActive: boolean; code: string; productId: string | null; discountType: string; ... 7 more ...; expiresAt: Date | null; }'.
backend/services/order/src/order.service.ts(90,68): error TS2339: Property 'maxDiscountAmount' does not exist on type '{ id: string; createdAt: Date; updatedAt: Date; description: string | null; storeId: string | null; isActive: boolean; code: string; productId: string | null; discountType: string; ... 7 more ...; expiresAt: Date | null; }'.
backend/services/order/src/order.service.ts(93,17): error TS2322: Type 'Decimal' is not assignable to type 'number'.
backend/services/order/src/order.service.ts(113,9): error TS2353: Object literal may only specify known properties, and 'userId' does not exist in type '(Without<OrderCreateInput, OrderUncheckedCreateInput> & OrderUncheckedCreateInput) | (Without<...> & OrderCreateInput)'.
backend/services/order/src/order.service.ts(133,9): error TS2353: Object literal may only specify known properties, and 'user' does not exist in type 'OrderInclude<DefaultArgs>'.
backend/services/order/src/order.service.ts(142,17): error TS2353: Object literal may only specify known properties, and 'stock' does not exist in type '(Without<ProductUpdateInput, ProductUncheckedUpdateInput> & ProductUncheckedUpdateInput) | (Without<...> & ProductUpdateInput)'.
backend/services/order/src/order.service.ts(148,19): error TS2353: Object literal may only specify known properties, and 'stock' does not exist in type '(Without<ProductVariantUpdateInput, ProductVariantUncheckedUpdateInput> & ProductVariantUncheckedUpdateInput) | (Without<...> & ProductVariantUpdateInput)'.
backend/services/order/src/order.service.ts(157,17): error TS2561: Object literal may only specify known properties, but 'usedCount' does not exist in type '(Without<CouponUpdateInput, CouponUncheckedUpdateInput> & CouponUncheckedUpdateInput) | (Without<...> & CouponUpdateInput)'. Did you mean to write 'usageCount'?
backend/services/order/src/order.service.ts(187,11): error TS2353: Object literal may only specify known properties, and 'store' does not exist in type 'OrderInclude<DefaultArgs>'.
backend/services/order/src/order.service.ts(213,64): error TS2353: Object literal may only specify known properties, and 'ownerId' does not exist in type 'StoreWhereInput'.
backend/services/order/src/order.service.ts(235,11): error TS2353: Object literal may only specify known properties, and 'user' does not exist in type 'OrderInclude<DefaultArgs>'.
backend/services/order/src/order.service.ts(266,13): error TS2353: Object literal may only specify known properties, and 'variant' does not exist in type 'OrderItemInclude<DefaultArgs>'.
backend/services/order/src/order.service.ts(281,15): error TS2339: Property 'userId' does not exist on type '{ id: string; currency: string; createdAt: Date; updatedAt: Date; status: OrderStatus; orderNumber: string; subtotal: Decimal; shippingCost: Decimal; ... 11 more ...; sellerId: string; }'.
backend/services/order/src/order.service.ts(283,17): error TS2339: Property 'role' does not exist on type '{ id: string; email: string; phone: string | null; passwordHash: string; firstName: string; lastName: string; avatarUrl: string | null; bio: string | null; dateOfBirth: Date | null; ... 26 more ...; deletedAt: Date | null; }'.
backend/services/order/src/order.service.ts(284,68): error TS2353: Object literal may only specify known properties, and 'ownerId' does not exist in type 'StoreWhereInput'.
backend/services/order/src/order.service.ts(285,29): error TS2339: Property 'storeId' does not exist on type '{ id: string; currency: string; createdAt: Date; updatedAt: Date; status: OrderStatus; orderNumber: string; subtotal: Decimal; shippingCost: Decimal; ... 11 more ...; sellerId: string; }'.
backend/services/order/src/order.service.ts(303,64): error TS2353: Object literal may only specify known properties, and 'ownerId' does not exist in type 'StoreWhereInput'.
backend/services/order/src/order.service.ts(304,25): error TS2339: Property 'storeId' does not exist on type '{ id: string; currency: string; createdAt: Date; updatedAt: Date; status: OrderStatus; orderNumber: string; subtotal: Decimal; shippingCost: Decimal; ... 11 more ...; sellerId: string; }'.
backend/services/order/src/order.service.ts(306,17): error TS2339: Property 'role' does not exist on type '{ id: string; email: string; phone: string | null; passwordHash: string; firstName: string; lastName: string; avatarUrl: string | null; bio: string | null; dateOfBirth: Date | null; ... 26 more ...; deletedAt: Date | null; }'.
backend/services/order/src/order.service.ts(341,23): error TS2339: Property 'orderStatusHistory' does not exist on type 'PrismaService'.
backend/services/order/src/order.service.ts(363,27): error TS2339: Property 'userId' does not exist on type '{ id: string; currency: string; createdAt: Date; updatedAt: Date; status: OrderStatus; orderNumber: string; subtotal: Decimal; shippingCost: Decimal; ... 11 more ...; sellerId: string; }'.
backend/services/order/src/order.service.ts(364,64): error TS2353: Object literal may only specify known properties, and 'ownerId' does not exist in type 'StoreWhereInput'.
backend/services/order/src/order.service.ts(365,42): error TS2339: Property 'storeId' does not exist on type '{ id: string; currency: string; createdAt: Date; updatedAt: Date; status: OrderStatus; orderNumber: string; subtotal: Decimal; shippingCost: Decimal; ... 11 more ...; sellerId: string; }'.
backend/services/order/src/order.service.ts(367,27): error TS2339: Property 'role' does not exist on type '{ id: string; email: string; phone: string | null; passwordHash: string; firstName: string; lastName: string; avatarUrl: string | null; bio: string | null; dateOfBirth: Date | null; ... 26 more ...; deletedAt: Date | null; }'.
backend/services/order/src/order.service.ts(381,18): error TS2322: Type 'string | null' is not assignable to type 'string | undefined'.
  Type 'null' is not assignable to type 'string | undefined'.
backend/services/order/src/order.service.ts(382,17): error TS2353: Object literal may only specify known properties, and 'stock' does not exist in type '(Without<ProductUpdateInput, ProductUncheckedUpdateInput> & ProductUncheckedUpdateInput) | (Without<...> & ProductUpdateInput)'.
backend/services/order/src/order.service.ts(388,19): error TS2353: Object literal may only specify known properties, and 'stock' does not exist in type '(Without<ProductVariantUpdateInput, ProductVariantUncheckedUpdateInput> & ProductVariantUncheckedUpdateInput) | (Without<...> & ProductVariantUpdateInput)'.
backend/services/order/src/order.service.ts(394,15): error TS2339: Property 'couponId' does not exist on type '{ id: string; currency: string; createdAt: Date; updatedAt: Date; status: OrderStatus; orderNumber: string; subtotal: Decimal; shippingCost: Decimal; ... 11 more ...; sellerId: string; }'.
backend/services/order/src/order.service.ts(396,28): error TS2339: Property 'couponId' does not exist on type '{ id: string; currency: string; createdAt: Date; updatedAt: Date; status: OrderStatus; orderNumber: string; subtotal: Decimal; shippingCost: Decimal; ... 11 more ...; sellerId: string; }'.
backend/services/order/src/order.service.ts(397,17): error TS2561: Object literal may only specify known properties, but 'usedCount' does not exist in type '(Without<CouponUpdateInput, CouponUncheckedUpdateInput> & CouponUncheckedUpdateInput) | (Without<...> & CouponUpdateInput)'. Did you mean to write 'usageCount'?
backend/services/order/src/order.service.ts(406,9): error TS2353: Object literal may only specify known properties, and 'cancellationReason' does not exist in type '(Without<OrderUpdateInput, OrderUncheckedUpdateInput> & OrderUncheckedUpdateInput) | (Without<...> & OrderUpdateInput)'.
backend/services/order/src/order.service.ts(413,23): error TS2339: Property 'orderStatusHistory' does not exist on type 'PrismaService'.
backend/services/order/src/order.service.ts(434,15): error TS2339: Property 'userId' does not exist on type '{ id: string; currency: string; createdAt: Date; updatedAt: Date; status: OrderStatus; orderNumber: string; subtotal: Decimal; shippingCost: Decimal; ... 11 more ...; sellerId: string; }'.
backend/services/order/src/order.service.ts(447,9): error TS2353: Object literal may only specify known properties, and 'deliveryConfirmedById' does not exist in type '(Without<OrderUpdateInput, OrderUncheckedUpdateInput> & OrderUncheckedUpdateInput) | (Without<...> & OrderUpdateInput)'.
backend/services/order/src/order.service.ts(453,23): error TS2339: Property 'orderStatusHistory' does not exist on type 'PrismaService'.
backend/services/order/src/order.service.ts(475,15): error TS2339: Property 'userId' does not exist on type '{ id: string; currency: string; createdAt: Date; updatedAt: Date; status: OrderStatus; orderNumber: string; subtotal: Decimal; shippingCost: Decimal; ... 11 more ...; sellerId: string; }'.
backend/services/order/src/order.service.ts(476,66): error TS2353: Object literal may only specify known properties, and 'ownerId' does not exist in type 'StoreWhereInput'.
backend/services/order/src/order.service.ts(477,27): error TS2339: Property 'storeId' does not exist on type '{ id: string; currency: string; createdAt: Date; updatedAt: Date; status: OrderStatus; orderNumber: string; subtotal: Decimal; shippingCost: Decimal; ... 11 more ...; sellerId: string; }'.
backend/services/order/src/order.service.ts(479,19): error TS2339: Property 'role' does not exist on type '{ id: string; email: string; phone: string | null; passwordHash: string; firstName: string; lastName: string; avatarUrl: string | null; bio: string | null; dateOfBirth: Date | null; ... 26 more ...; deletedAt: Date | null; }'.
backend/services/order/src/order.service.ts(485,24): error TS2339: Property 'orderStatusHistory' does not exist on type 'PrismaService'.
backend/services/payment/src/adapters/santimpay.adapter.ts(79,5): error TS7053: Element implicitly has an 'any' type because expression of type '"signature"' can't be used to index type '{ merchantId: string; apiKey: string; orderId: string; amount: string; currency: string; description: string; customerEmail: string; customerName: string; reference: string; returnUrl: string; cancelUrl: string; notifyUrl: string; timestamp: string; }'.
  Property 'signature' does not exist on type '{ merchantId: string; apiKey: string; orderId: string; amount: string; currency: string; description: string; customerEmail: string; customerName: string; reference: string; returnUrl: string; cancelUrl: string; notifyUrl: string; timestamp: string; }'.
backend/services/payment/src/adapters/santimpay.adapter.ts(148,5): error TS7053: Element implicitly has an 'any' type because expression of type '"signature"' can't be used to index type '{ merchantId: string; apiKey: string; orderId: string; amount: string; currency: string; phoneNumber: string; description: string; reference: string; timestamp: string; }'.
  Property 'signature' does not exist on type '{ merchantId: string; apiKey: string; orderId: string; amount: string; currency: string; phoneNumber: string; description: string; reference: string; timestamp: string; }'.
backend/services/payment/src/adapters/santimpay.adapter.ts(284,7): error TS7053: Element implicitly has an 'any' type because expression of type '"signature"' can't be used to index type '{ merchantId: string; apiKey: string; transactionId: string; amount: string; reason: string; timestamp: string; }'.
  Property 'signature' does not exist on type '{ merchantId: string; apiKey: string; transactionId: string; amount: string; reason: string; timestamp: string; }'.
backend/services/payment/src/adapters/santimpay.adapter.ts(335,7): error TS7053: Element implicitly has an 'any' type because expression of type '"signature"' can't be used to index type '{ merchantId: string; apiKey: string; amount: string; currency: string; accountNumber: string; accountName: string; reference: string; timestamp: string; }'.
  Property 'signature' does not exist on type '{ merchantId: string; apiKey: string; amount: string; currency: string; accountNumber: string; accountName: string; reference: string; timestamp: string; }'.
backend/services/payment/src/payment-provider.config.ts(1,33): error TS2307: Cannot find module './payment-provider.interface' or its corresponding type declarations.
backend/services/payment/src/payment-provider.config.ts(61,2): error TS2304: Cannot find name 'Module'.
backend/services/payment/src/payment.controller.ts(17,3): error TS2564: Property 'orderId' has no initializer and is not definitely assigned in the constructor.
backend/services/payment/src/payment.controller.ts(18,3): error TS2564: Property 'amount' has no initializer and is not definitely assigned in the constructor.
backend/services/payment/src/payment.controller.ts(19,3): error TS2564: Property 'currency' has no initializer and is not definitely assigned in the constructor.
backend/services/payment/src/payment.controller.ts(20,3): error TS2564: Property 'provider' has no initializer and is not definitely assigned in the constructor.
backend/services/payment/src/payment.controller.ts(30,3): error TS2564: Property 'reference' has no initializer and is not definitely assigned in the constructor.
backend/services/payment/src/payment.controller.ts(31,3): error TS2564: Property 'provider' has no initializer and is not definitely assigned in the constructor.
backend/services/payment/src/payment.controller.ts(35,3): error TS2564: Property 'transactionId' has no initializer and is not definitely assigned in the constructor.
backend/services/payment/src/payment.controller.ts(36,3): error TS2564: Property 'amount' has no initializer and is not definitely assigned in the constructor.
backend/services/payment/src/payment.controller.ts(37,3): error TS2564: Property 'currency' has no initializer and is not definitely assigned in the constructor.
backend/services/payment/src/payment.controller.ts(38,3): error TS2564: Property 'provider' has no initializer and is not definitely assigned in the constructor.
backend/services/payment/src/payment.controller.ts(64,4): error TS2304: Cannot find name 'UseGuards'.
backend/services/payment/src/payment.controller.ts(79,4): error TS2304: Cannot find name 'UseGuards'.
backend/services/payment/src/payment.controller.ts(94,4): error TS2304: Cannot find name 'UseGuards'.
backend/services/payment/src/payment.controller.ts(125,4): error TS2304: Cannot find name 'UseGuards'.
backend/services/payment/src/payment.service.ts(23,18): error TS2339: Property 'id' does not exist on type 'PaymentProviderConfig'.
backend/services/payment/src/payment.service.ts(56,7): error TS2322: Type '{ orderId: any; contractId: any; userId: string; providerId: any; amount: any; currency: any; status: "PENDING"; type: string; }' is not assignable to type '(Without<TransactionCreateInput, TransactionUncheckedCreateInput> & TransactionUncheckedCreateInput) | (Without<...> & TransactionCreateInput)'.
  Type '{ orderId: any; contractId: any; userId: string; providerId: any; amount: any; currency: any; status: "PENDING"; type: string; }' is not assignable to type 'Without<TransactionUncheckedCreateInput, TransactionCreateInput> & TransactionCreateInput'.
    Property 'providerRef' is missing in type '{ orderId: any; contractId: any; userId: string; providerId: any; amount: any; currency: any; status: "PENDING"; type: string; }' but required in type 'TransactionCreateInput'.
backend/services/payment/src/payment.service.ts(123,11): error TS2322: Type 'string' is not assignable to type 'TransactionStatus | EnumTransactionStatusFieldUpdateOperationsInput | undefined'.
backend/services/payment/src/payment.service.ts(188,16): error TS2353: Object literal may only specify known properties, and 'providerReference' does not exist in type 'TransactionWhereInput'.
backend/services/payment/src/payment.service.ts(264,16): error TS2353: Object literal may only specify known properties, and 'providerReference' does not exist in type 'TransactionWhereInput'.
backend/services/product/src/product.controller.ts(264,35): error TS2694: Namespace 'global.Express' has no exported member 'Multer'.
backend/services/product/src/product.service.spec.ts(130,21): error TS2339: Property 'stock' does not exist on type '{ id: string; currency: string; createdAt: Date; updatedAt: Date; length: Decimal | null; name: string; type: ProductType; description: string | null; ... 23 more ...; reviewCount: number; }'.
backend/services/product/src/product.service.spec.ts(138,21): error TS2339: Property 'stock' does not exist on type '{ id: string; currency: string; createdAt: Date; updatedAt: Date; length: Decimal | null; name: string; type: ProductType; description: string | null; ... 23 more ...; reviewCount: number; }'.
backend/services/product/src/product.service.ts(13,16): error TS2353: Object literal may only specify known properties, and 'ownerId' does not exist in type 'StoreWhereInput'.
backend/services/product/src/product.service.ts(30,9): error TS2353: Object literal may only specify known properties, and 'stock' does not exist in type '(Without<ProductCreateInput, ProductUncheckedCreateInput> & ProductUncheckedCreateInput) | (Without<...> & ProductCreateInput)'.
backend/services/product/src/product.service.ts(63,64): error TS2353: Object literal may only specify known properties, and 'ownerId' does not exist in type 'StoreWhereInput'.
backend/services/product/src/product.service.ts(66,17): error TS2339: Property 'role' does not exist on type '{ id: string; email: string; phone: string | null; passwordHash: string; firstName: string; lastName: string; avatarUrl: string | null; bio: string | null; dateOfBirth: Date | null; ... 26 more ...; deletedAt: Date | null; }'.
backend/services/product/src/product.service.ts(80,9): error TS2353: Object literal may only specify known properties, and 'stock' does not exist in type '(Without<ProductUpdateInput, ProductUncheckedUpdateInput> & ProductUncheckedUpdateInput) | (Without<...> & ProductUpdateInput)'.
backend/services/product/src/product.service.ts(100,64): error TS2353: Object literal may only specify known properties, and 'ownerId' does not exist in type 'StoreWhereInput'.
backend/services/product/src/product.service.ts(103,17): error TS2339: Property 'role' does not exist on type '{ id: string; email: string; phone: string | null; passwordHash: string; firstName: string; lastName: string; avatarUrl: string | null; bio: string | null; dateOfBirth: Date | null; ... 26 more ...; deletedAt: Date | null; }'.
backend/services/product/src/product.service.ts(118,62): error TS2353: Object literal may only specify known properties, and 'logo' does not exist in type 'StoreSelect<DefaultArgs>'.
backend/services/product/src/product.service.ts(166,68): error TS2353: Object literal may only specify known properties, and 'stock' does not exist in type 'ProductVariantSelect<DefaultArgs>'.
backend/services/product/src/product.service.ts(197,28): error TS2339: Property 'stock' does not exist on type '{ id: string; currency: string; createdAt: Date; updatedAt: Date; length: Decimal | null; name: string; type: ProductType; description: string | null; ... 23 more ...; reviewCount: number; }'.
backend/services/product/src/product.service.ts(200,28): error TS2339: Property 'stock' does not exist on type '{ id: string; currency: string; createdAt: Date; updatedAt: Date; length: Decimal | null; name: string; type: ProductType; description: string | null; ... 23 more ...; reviewCount: number; }'.
backend/services/product/src/product.service.ts(213,15): error TS2353: Object literal may only specify known properties, and 'stock' does not exist in type '(Without<ProductUpdateInput, ProductUncheckedUpdateInput> & ProductUncheckedUpdateInput) | (Without<...> & ProductUpdateInput)'.
backend/services/product/src/product.service.ts(230,9): error TS2353: Object literal may only specify known properties, and 'image' does not exist in type '(Without<CategoryCreateInput, CategoryUncheckedCreateInput> & CategoryUncheckedCreateInput) | (Without<...> & CategoryCreateInput)'.
backend/services/product/src/product.service.ts(307,9): error TS2353: Object literal may only specify known properties, and 'stock' does not exist in type '(Without<ProductVariantCreateInput, ProductVariantUncheckedCreateInput> & ProductVariantUncheckedCreateInput) | (Without<...> & ProductVariantCreateInput)'.
backend/services/product/src/product.service.ts(322,54): error TS2694: Namespace 'global.Express' has no exported member 'Multer'.
backend/services/product/src/product.service.ts(347,11): error TS2353: Object literal may only specify known properties, and 'push' does not exist in type 'ProductImageUncheckedUpdateManyWithoutProductNestedInput | ProductImageUpdateManyWithoutProductNestedInput'.
backend/services/product/src/product.service.ts(382,9): error TS2353: Object literal may only specify known properties, and 'maxDiscountAmount' does not exist in type '(Without<CouponCreateInput, CouponUncheckedCreateInput> & CouponUncheckedCreateInput) | (Without<...> & CouponCreateInput)'.
backend/services/product/src/product.service.ts(407,22): error TS2551: Property 'startDate' does not exist on type '{ id: string; createdAt: Date; updatedAt: Date; description: string | null; storeId: string | null; isActive: boolean; code: string; productId: string | null; discountType: string; ... 7 more ...; expiresAt: Date | null; }'. Did you mean 'startsAt'?
backend/services/product/src/product.service.ts(407,48): error TS2339: Property 'endDate' does not exist on type '{ id: string; createdAt: Date; updatedAt: Date; description: string | null; storeId: string | null; isActive: boolean; code: string; productId: string | null; discountType: string; ... 7 more ...; expiresAt: Date | null; }'.
backend/services/product/src/product.service.ts(411,37): error TS2551: Property 'usedCount' does not exist on type '{ id: string; createdAt: Date; updatedAt: Date; description: string | null; storeId: string | null; isActive: boolean; code: string; productId: string | null; discountType: string; ... 7 more ...; expiresAt: Date | null; }'. Did you mean 'usageCount'?
backend/services/product/src/product.service.ts(415,34): error TS2365: Operator '<' cannot be applied to types 'number' and 'Decimal'.
backend/services/product/src/product.service.ts(420,16): error TS2339: Property 'applicableProducts' does not exist on type '{ id: string; createdAt: Date; updatedAt: Date; description: string | null; storeId: string | null; isActive: boolean; code: string; productId: string | null; discountType: string; ... 7 more ...; expiresAt: Date | null; }'.
backend/services/product/src/product.service.ts(422,16): error TS2339: Property 'applicableProducts' does not exist on type '{ id: string; createdAt: Date; updatedAt: Date; description: string | null; storeId: string | null; isActive: boolean; code: string; productId: string | null; discountType: string; ... 7 more ...; expiresAt: Date | null; }'.
backend/services/product/src/product.service.ts(432,38): error TS2363: The right-hand side of an arithmetic operation must be of type 'any', 'number', 'bigint' or an enum type.
backend/services/product/src/product.service.ts(433,18): error TS2339: Property 'maxDiscountAmount' does not exist on type '{ id: string; createdAt: Date; updatedAt: Date; description: string | null; storeId: string | null; isActive: boolean; code: string; productId: string | null; discountType: string; ... 7 more ...; expiresAt: Date | null; }'.
backend/services/product/src/product.service.ts(434,46): error TS2339: Property 'maxDiscountAmount' does not exist on type '{ id: string; createdAt: Date; updatedAt: Date; description: string | null; storeId: string | null; isActive: boolean; code: string; productId: string | null; discountType: string; ... 7 more ...; expiresAt: Date | null; }'.
backend/services/product/src/product.service.ts(437,7): error TS2322: Type 'Decimal' is not assignable to type 'number'.
backend/services/product/src/product.service.ts(452,16): error TS2353: Object literal may only specify known properties, and 'createdById' does not exist in type 'CouponWhereInput'.
backend/services/product/src/product.service.ts(463,30): error TS2353: Object literal may only specify known properties, and 'isActive' does not exist in type 'ProductWhereInput'.
backend/services/product/src/product.service.ts(481,18): error TS2353: Object literal may only specify known properties, and 'isActive' does not exist in type 'StoreWhereInput'.
backend/services/product/src/product.service.ts(489,42): error TS2353: Object literal may only specify known properties, and 'isActive' does not exist in type 'StoreWhereInput'.
backend/services/product/src/store.controller.ts(18,3): error TS2564: Property 'name' has no initializer and is not definitely assigned in the constructor.
backend/services/product/src/store.controller.ts(19,3): error TS2564: Property 'slug' has no initializer and is not definitely assigned in the constructor.
backend/services/product/src/store.controller.ts(51,4): error TS2304: Cannot find name 'UseGuards'.
backend/services/product/src/store.controller.ts(82,4): error TS2304: Cannot find name 'UseGuards'.
backend/services/product/src/store.controller.ts(96,4): error TS2304: Cannot find name 'UseGuards'.
backend/services/product/src/store.service.ts(16,72): error TS2353: Object literal may only specify known properties, and 'ownerId' does not exist in type 'StoreWhereInput'.
backend/services/product/src/store.service.ts(26,9): error TS2353: Object literal may only specify known properties, and 'logo' does not exist in type '(Without<StoreCreateInput, StoreUncheckedCreateInput> & StoreUncheckedCreateInput) | (Without<...> & StoreCreateInput)'.
backend/services/product/src/store.service.ts(46,20): error TS2353: Object literal may only specify known properties, and 'isActive' does not exist in type 'ProductWhereInput'.
backend/services/product/src/store.service.ts(72,20): error TS2353: Object literal may only specify known properties, and 'isActive' does not exist in type 'ProductWhereInput'.
backend/services/product/src/store.service.ts(98,15): error TS2339: Property 'ownerId' does not exist on type '{ id: string; email: string | null; phone: string | null; country: string | null; city: string | null; address: string | null; createdAt: Date; updatedAt: Date; name: string; ... 15 more ...; totalRevenue: Decimal; }'.
backend/services/product/src/store.service.ts(100,17): error TS2339: Property 'role' does not exist on type '{ id: string; email: string; phone: string | null; passwordHash: string; firstName: string; lastName: string; avatarUrl: string | null; bio: string | null; dateOfBirth: Date | null; ... 26 more ...; deletedAt: Date | null; }'.
backend/services/product/src/store.service.ts(110,9): error TS2353: Object literal may only specify known properties, and 'logo' does not exist in type '(Without<StoreUpdateInput, StoreUncheckedUpdateInput> & StoreUncheckedUpdateInput) | (Without<...> & StoreUpdateInput)'.
backend/services/product/src/store.service.ts(147,11): error TS2353: Object literal may only specify known properties, and 'owner' does not exist in type 'StoreInclude<DefaultArgs>'.
backend/services/product/src/store.service.ts(175,46): error TS2339: Property 'storeFollower' does not exist on type 'PrismaService'.
backend/services/product/src/store.service.ts(185,25): error TS2339: Property 'storeFollower' does not exist on type 'PrismaService'.
backend/services/product/src/store.service.ts(191,23): error TS2339: Property 'storeFollower' does not exist on type 'PrismaService'.
backend/services/review/src/review.controller.ts(20,3): error TS2564: Property 'rating' has no initializer and is not definitely assigned in the constructor.
backend/services/review/src/review.controller.ts(22,3): error TS2564: Property 'comment' has no initializer and is not definitely assigned in the constructor.
backend/services/review/src/review.controller.ts(27,3): error TS2564: Property 'response' has no initializer and is not definitely assigned in the constructor.
backend/services/review/src/review.controller.ts(31,3): error TS2564: Property 'status' has no initializer and is not definitely assigned in the constructor.
backend/services/review/src/review.controller.ts(54,7): error TS2353: Object literal may only specify known properties, and 'productId' does not exist in type 'CreateReviewInput'.
backend/services/review/src/review.controller.ts(130,78): error TS2345: Argument of type '"approved" | "rejected" | "flagged"' is not assignable to parameter of type '"approve" | "reject" | "flag"'.
  Type '"approved"' is not assignable to type '"approve" | "reject" | "flag"'. Did you mean '"approve"'?
backend/services/review/src/review.service.spec.ts(72,9): error TS2353: Object literal may only specify known properties, and 'productId' does not exist in type 'CreateReviewInput'.
backend/services/review/src/review.service.spec.ts(76,21): error TS2339: Property 'productId' does not exist on type '{ id: string; createdAt: Date; updatedAt: Date; title: string | null; targetId: string; targetType: string; rating: number; comment: string | null; isVerifiedPurchase: boolean; ... 5 more ...; reviewerId: string; }'.
backend/services/review/src/review.service.spec.ts(77,21): error TS2339: Property 'status' does not exist on type '{ id: string; createdAt: Date; updatedAt: Date; title: string | null; targetId: string; targetType: string; rating: number; comment: string | null; isVerifiedPurchase: boolean; ... 5 more ...; reviewerId: string; }'.
backend/services/review/src/review.service.spec.ts(85,11): error TS2353: Object literal may only specify known properties, and 'productId' does not exist in type 'CreateReviewInput'.
backend/services/review/src/review.service.spec.ts(93,11): error TS2353: Object literal may only specify known properties, and 'productId' does not exist in type 'CreateReviewInput'.
backend/services/review/src/review.service.spec.ts(100,40): error TS2345: Argument of type '{ rating: number; comment: string; }' is not assignable to parameter of type 'CreateReviewInput'.
  Type '{ rating: number; comment: string; }' is missing the following properties from type 'CreateReviewInput': targetType, targetId
backend/services/review/src/review.service.spec.ts(112,11): error TS2353: Object literal may only specify known properties, and 'productId' does not exist in type 'CreateReviewInput'.
backend/services/review/src/review.service.spec.ts(125,11): error TS2353: Object literal may only specify known properties, and 'productId' does not exist in type 'CreateReviewInput'.
backend/services/review/src/review.service.spec.ts(138,11): error TS2353: Object literal may only specify known properties, and 'productId' does not exist in type 'CreateReviewInput'.
backend/services/review/src/review.service.spec.ts(162,9): error TS2353: Object literal may only specify known properties, and 'sellerId' does not exist in type 'CreateReviewInput'.
backend/services/review/src/review.service.spec.ts(165,21): error TS2339: Property 'sellerId' does not exist on type '{ id: string; createdAt: Date; updatedAt: Date; title: string | null; targetId: string; targetType: string; rating: number; comment: string | null; isVerifiedPurchase: boolean; ... 5 more ...; reviewerId: string; }'.
backend/services/review/src/review.service.spec.ts(187,9): error TS2353: Object literal may only specify known properties, and 'freelancerId' does not exist in type 'CreateReviewInput'.
backend/services/review/src/review.service.spec.ts(190,21): error TS2339: Property 'freelancerId' does not exist on type '{ id: string; createdAt: Date; updatedAt: Date; title: string | null; targetId: string; targetType: string; rating: number; comment: string | null; isVerifiedPurchase: boolean; ... 5 more ...; reviewerId: string; }'.
backend/services/review/src/review.service.spec.ts(383,74): error TS2345: Argument of type '"approved"' is not assignable to parameter of type '"approve" | "reject" | "flag"'.
backend/services/review/src/review.service.spec.ts(385,21): error TS2339: Property 'status' does not exist on type '{ id: string; createdAt: Date; updatedAt: Date; title: string | null; targetId: string; targetType: string; rating: number; comment: string | null; isVerifiedPurchase: boolean; ... 5 more ...; reviewerId: string; }'.
backend/services/review/src/review.service.spec.ts(410,9): error TS2345: Argument of type '"rejected"' is not assignable to parameter of type '"approve" | "reject" | "flag"'.
backend/services/review/src/review.service.spec.ts(414,21): error TS2339: Property 'status' does not exist on type '{ id: string; createdAt: Date; updatedAt: Date; title: string | null; targetId: string; targetType: string; rating: number; comment: string | null; isVerifiedPurchase: boolean; ... 5 more ...; reviewerId: string; }'.
backend/services/review/src/review.service.spec.ts(415,21): error TS2339: Property 'moderationReason' does not exist on type '{ id: string; createdAt: Date; updatedAt: Date; title: string | null; targetId: string; targetType: string; rating: number; comment: string | null; isVerifiedPurchase: boolean; ... 5 more ...; reviewerId: string; }'.
backend/services/review/src/review.service.spec.ts(422,58): error TS2345: Argument of type '"approved"' is not assignable to parameter of type '"approve" | "reject" | "flag"'.
backend/services/review/src/review.service.ts(120,9): error TS2353: Object literal may only specify known properties, and 'product' does not exist in type 'ReviewInclude<DefaultArgs>'.
backend/services/review/src/review.service.ts(128,66): error TS2339: Property 'product' does not exist on type '{ id: string; createdAt: Date; updatedAt: Date; title: string | null; targetId: string; targetType: string; rating: number; comment: string | null; isVerifiedPurchase: boolean; ... 5 more ...; reviewerId: string; }'.
backend/services/review/src/review.service.ts(203,48): error TS2339: Property 'toNumber' does not exist on type 'number'.
backend/services/search/src/search.service.ts(125,45): error TS2353: Object literal may only specify known properties, and 'logo' does not exist in type 'StoreSelect<DefaultArgs>'.
backend/services/search/src/search.service.ts(131,58): error TS2353: Object literal may only specify known properties, and 'stock' does not exist in type 'ProductVariantSelect<DefaultArgs>'.
backend/services/search/src/search.service.ts(174,22): error TS2322: Type '(string | null)[]' is not assignable to type 'string[] | FieldRef<"Category", "String[]"> | undefined'.
  Type '(string | null)[]' is not assignable to type 'string[]'.
    Type 'string | null' is not assignable to type 'string'.
      Type 'null' is not assignable to type 'string'.
backend/services/search/src/search.service.ts(254,38): error TS2353: Object literal may only specify known properties, and 'ownerId' does not exist in type 'StoreSelect<DefaultArgs>'.
backend/services/search/src/search.service.ts(256,53): error TS2353: Object literal may only specify known properties, and 'attributes' does not exist in type 'ProductVariantSelect<DefaultArgs>'.
backend/services/search/src/search.service.ts(266,17): error TS2551: Property 'store' does not exist on type '{ id: string; currency: string; createdAt: Date; updatedAt: Date; length: Decimal | null; name: string; type: ProductType; description: string | null; ... 23 more ...; reviewCount: number; }'. Did you mean 'storeId'?
backend/services/search/src/search.service.ts(266,51): error TS2339: Property 'role' does not exist on type '{ id: string; email: string; phone: string | null; passwordHash: string; firstName: string; lastName: string; avatarUrl: string | null; bio: string | null; dateOfBirth: Date | null; ... 26 more ...; deletedAt: Date | null; }'.
backend/services/search/src/search.service.ts(290,38): error TS2353: Object literal may only specify known properties, and 'ownerId' does not exist in type 'StoreSelect<DefaultArgs>'.
backend/services/search/src/search.service.ts(300,17): error TS2551: Property 'store' does not exist on type '{ id: string; currency: string; createdAt: Date; updatedAt: Date; length: Decimal | null; name: string; type: ProductType; description: string | null; ... 23 more ...; reviewCount: number; }'. Did you mean 'storeId'?
backend/services/search/src/search.service.ts(300,51): error TS2339: Property 'role' does not exist on type '{ id: string; email: string; phone: string | null; passwordHash: string; firstName: string; lastName: string; avatarUrl: string | null; bio: string | null; dateOfBirth: Date | null; ... 26 more ...; deletedAt: Date | null; }'.
backend/services/search/src/search.service.ts(322,57): error TS2353: Object literal may only specify known properties, and 'attributes' does not exist in type 'ProductVariantSelect<DefaultArgs>'.
backend/services/user/src/user.controller.ts(88,35): error TS2694: Namespace 'global.Express' has no exported member 'Multer'.
backend/services/user/src/user.service.spec.ts(328,20): error TS2694: Namespace 'global.Express' has no exported member 'Multer'.
backend/services/user/src/user.service.spec.ts(351,20): error TS2694: Namespace 'global.Express' has no exported member 'Multer'.
backend/services/user/src/user.service.ts(59,9): error TS2353: Object literal may only specify known properties, and 'phoneNumber' does not exist in type 'UserSelect<DefaultArgs>'.
backend/services/user/src/user.service.ts(77,26): error TS2339: Property 'preferences' does not exist on type '{ id: string; email: string; phone: string | null; passwordHash: string; firstName: string; lastName: string; avatarUrl: string | null; bio: string | null; dateOfBirth: Date | null; ... 26 more ...; deletedAt: Date | null; }'.
backend/services/user/src/user.service.ts(129,9): error TS2353: Object literal may only specify known properties, and 'phoneNumber' does not exist in type 'UserSelect<DefaultArgs>'.
backend/services/user/src/user.service.ts(152,33): error TS2339: Property 'preferences' does not exist on type '{ id: string; email: string; phone: string | null; passwordHash: string; firstName: string; lastName: string; avatarUrl: string | null; bio: string | null; dateOfBirth: Date | null; ... 26 more ...; deletedAt: Date | null; }'.
backend/services/user/src/user.service.ts(163,9): error TS2353: Object literal may only specify known properties, and 'preferences' does not exist in type 'UserSelect<DefaultArgs>'.
backend/services/user/src/user.service.ts(171,18): error TS2339: Property 'preferences' does not exist on type '{ id: string; email: string; phone: string | null; passwordHash: string; firstName: string; lastName: string; avatarUrl: string | null; bio: string | null; dateOfBirth: Date | null; ... 26 more ...; deletedAt: Date | null; }'.
backend/services/user/src/user.service.ts(186,38): error TS2339: Property 'preferences' does not exist on type '{ id: string; email: string; phone: string | null; passwordHash: string; firstName: string; lastName: string; avatarUrl: string | null; bio: string | null; dateOfBirth: Date | null; ... 26 more ...; deletedAt: Date | null; }'.
backend/services/user/src/user.service.ts(203,9): error TS2353: Object literal may only specify known properties, and 'preferences' does not exist in type '(Without<UserUpdateInput, UserUncheckedUpdateInput> & UserUncheckedUpdateInput) | (Without<...> & UserUpdateInput)'.
backend/services/user/src/user.service.ts(215,52): error TS2694: Namespace 'global.Express' has no exported member 'Multer'.
backend/services/user/src/user.service.ts(230,15): error TS2353: Object literal may only specify known properties, and 'avatar' does not exist in type '(Without<UserUpdateInput, UserUncheckedUpdateInput> & UserUncheckedUpdateInput) | (Without<...> & UserUpdateInput)'.
backend/services/user/src/user.service.ts(233,9): error TS2353: Object literal may only specify known properties, and 'avatar' does not exist in type 'UserSelect<DefaultArgs>'.
backend/services/user/src/user.service.ts(240,27): error TS2339: Property 'avatar' does not exist on type '{ id: string; email: string; phone: string | null; passwordHash: string; firstName: string; lastName: string; avatarUrl: string | null; bio: string | null; dateOfBirth: Date | null; ... 26 more ...; deletedAt: Date | null; }'.
backend/services/user/src/user.service.ts(260,12): error TS2339: Property 'password' does not exist on type '{ id: string; email: string; phone: string | null; passwordHash: string; firstName: string; lastName: string; avatarUrl: string | null; bio: string | null; dateOfBirth: Date | null; ... 26 more ...; deletedAt: Date | null; }'.
backend/services/user/src/user.service.ts(277,9): error TS2353: Object literal may only specify known properties, and 'password' does not exist in type '(Without<UserUpdateInput, UserUncheckedUpdateInput> & UserUncheckedUpdateInput) | (Without<...> & UserUpdateInput)'.
backend/services/user/src/user.service.ts(283,23): error TS2339: Property 'refreshToken' does not exist on type 'PrismaService'.
backend/services/user/src/user.service.ts(305,9): error TS2353: Object literal may only specify known properties, and 'avatar' does not exist in type 'UserSelect<DefaultArgs>'.
backend/services/user/src/user.service.ts(345,63): error TS2694: Namespace 'global.Express' has no exported member 'Multer'.
backend/services/ussd/src/ussd.controller.ts(16,3): error TS2564: Property 'phoneNumber' has no initializer and is not definitely assigned in the constructor.
backend/services/ussd/src/ussd.controller.ts(17,3): error TS2564: Property 'sessionId' has no initializer and is not definitely assigned in the constructor.
backend/services/ussd/src/ussd.controller.ts(18,3): error TS2564: Property 'userInput' has no initializer and is not definitely assigned in the constructor.
backend/services/ussd/src/ussd.service.ts(181,41): error TS2345: Argument of type '{ currency: string; available: number; auLabel: string; }[]' is not assignable to parameter of type '{ currency: string; available: number; pending: number; }[]'.
  Property 'pending' is missing in type '{ currency: string; available: number; auLabel: string; }' but required in type '{ currency: string; available: number; pending: number; }'.
backend/services/ussd/src/ussd.service.ts(443,9): error TS2353: Object literal may only specify known properties, and 'currentMenu' does not exist in type '(Without<UssdSessionCreateInput, UssdSessionUncheckedCreateInput> & UssdSessionUncheckedCreateInput) | (Without<...> & UssdSessionCreateInput)'.
backend/services/ussd/src/ussd.service.ts(481,15): error TS2353: Object literal may only specify known properties, and 'currentMenu' does not exist in type '(Without<UssdSessionUpdateInput, UssdSessionUncheckedUpdateInput> & UssdSessionUncheckedUpdateInput) | (Without<...> & UssdSessionUpdateInput)'.
backend/services/ussd/src/ussd.service.ts(491,37): error TS2339: Property 'data' does not exist on type '{ id: string; createdAt: Date; updatedAt: Date; userId: string | null; response: string | null; status: string; phoneNumber: string; sessionId: string; text: string; serviceCode: string; }'.
backend/services/ussd/src/ussd.service.ts(494,17): error TS2353: Object literal may only specify known properties, and 'data' does not exist in type '(Without<UssdSessionUpdateInput, UssdSessionUncheckedUpdateInput> & UssdSessionUncheckedUpdateInput) | (Without<...> & UssdSessionUpdateInput)'.
backend/services/ussd/src/ussd.service.ts(502,15): error TS2353: Object literal may only specify known properties, and 'language' does not exist in type '(Without<UssdSessionUpdateInput, UssdSessionUncheckedUpdateInput> & UssdSessionUncheckedUpdateInput) | (Without<...> & UssdSessionUpdateInput)'.
backend/services/ussd/src/ussd.service.ts(511,9): error TS2353: Object literal may only specify known properties, and 'expiresAt' does not exist in type '(Without<UssdSessionUpdateInput, UssdSessionUncheckedUpdateInput> & UssdSessionUncheckedUpdateInput) | (Without<...> & UssdSessionUpdateInput)'.
backend/services/ussd/src/ussd.service.ts(578,11): error TS2353: Object literal may only specify known properties, and 'description' does not exist in type '(Without<WithdrawalRequestCreateInput, WithdrawalRequestUncheckedCreateInput> & WithdrawalRequestUncheckedCreateInput) | (Without<...> & WithdrawalRequestCreateInput)'.
backend/services/ussd/src/ussd.service.ts(633,23): error TS2339: Property 'currentMenu' does not exist on type '{ id: string; createdAt: Date; updatedAt: Date; userId: string | null; response: string | null; status: string; phoneNumber: string; sessionId: string; text: string; serviceCode: string; }'.
backend/services/ussd/src/ussd.service.ts(633,55): error TS2339: Property 'currentMenu' does not exist on type '{ id: string; createdAt: Date; updatedAt: Date; userId: string | null; response: string | null; status: string; phoneNumber: string; sessionId: string; text: string; serviceCode: string; }'.
backend/services/ussd/src/ussd.service.ts(638,27): error TS2339: Property 'language' does not exist on type '{ id: string; createdAt: Date; updatedAt: Date; userId: string | null; response: string | null; status: string; phoneNumber: string; sessionId: string; text: string; serviceCode: string; }'.
backend/services/ussd/src/ussd.service.ts(638,60): error TS2339: Property 'language' does not exist on type '{ id: string; createdAt: Date; updatedAt: Date; userId: string | null; response: string | null; status: string; phoneNumber: string; sessionId: string; text: string; serviceCode: string; }'.
backend/services/wallet/src/dto/credit-wallet.dto.ts(8,3): error TS2564: Property 'currency' has no initializer and is not definitely assigned in the constructor.
backend/services/wallet/src/dto/credit-wallet.dto.ts(13,3): error TS2564: Property 'amount' has no initializer and is not definitely assigned in the constructor.
backend/services/wallet/src/dto/debit-wallet.dto.ts(8,3): error TS2564: Property 'currency' has no initializer and is not definitely assigned in the constructor.
backend/services/wallet/src/dto/debit-wallet.dto.ts(13,3): error TS2564: Property 'amount' has no initializer and is not definitely assigned in the constructor.
backend/services/wallet/src/dto/withdraw-wallet.dto.ts(8,3): error TS2564: Property 'currency' has no initializer and is not definitely assigned in the constructor.
backend/services/wallet/src/dto/withdraw-wallet.dto.ts(13,3): error TS2564: Property 'amount' has no initializer and is not definitely assigned in the constructor.
backend/services/wallet/src/dto/withdraw-wallet.dto.ts(18,3): error TS2564: Property 'provider' has no initializer and is not definitely assigned in the constructor.
backend/services/wallet/src/dto/withdraw-wallet.dto.ts(23,3): error TS2564: Property 'destinationAccount' has no initializer and is not definitely assigned in the constructor.
backend/services/wallet/src/wallet.service.spec.ts(85,21): error TS2339: Property 'defaultCurrency' does not exist on type 'WalletData'.
backend/services/wallet/src/wallet.service.spec.ts(94,21): error TS2339: Property 'defaultCurrency' does not exist on type 'WalletData'.
backend/services/wallet/src/wallet.service.spec.ts(122,21): error TS2339: Property 'availableBalance' does not exist on type 'WalletBalanceView'.
backend/services/wallet/src/wallet.service.spec.ts(175,21): error TS2339: Property 'availableBalance' does not exist on type 'WalletBalanceView'.
backend/services/wallet/src/wallet.service.ts(338,25): error TS2339: Property 'bankName' does not exist on type 'WithdrawWalletDto'.
backend/services/wallet/src/wallet.service.ts(340,11): error TS2353: Object literal may only specify known properties, and 'description' does not exist in type '(Without<WithdrawalRequestCreateInput, WithdrawalRequestUncheckedCreateInput> & WithdrawalRequestUncheckedCreateInput) | (Without<...> & WithdrawalRequestCreateInput)'.
backend/shared/events/src/transports/kafka.transport.ts(17,14): error TS2415: Class 'KafkaTransport' incorrectly extends base class 'EventPublisher'.
  Types have separate declarations of a private property 'logger'.
backend/shared/events/src/transports/rabbitmq.transport.ts(13,14): error TS2415: Class 'RabbitMQTransport' incorrectly extends base class 'EventPublisher'.
  Types have separate declarations of a private property 'logger'.
