backend/services/admin/src/admin.controller.ts(26,3): error TS2564: Property 'decision' has no initializer and is not definitely assigned in the constructor.
backend/services/admin/src/admin.service.spec.ts(98,29): error TS2339: Property 'kycStatus' does not exist on type 'AdminUserView'.
backend/services/admin/src/admin.service.spec.ts(430,18): error TS2551: Property 'usssdSession' does not exist on type '{ user: { findUnique: Mock<any, any, any>; findMany: Mock<any, any, any>; count: Mock<any, any, any>; update: Mock<any, any, any>; }; order: { findMany: Mock<any, any, any>; count: Mock<...>; }; ... 7 more ...; notification: { ...; }; }'. Did you mean 'ussdSession'?
backend/services/admin/src/admin.service.ts(68,50): error TS2353: Object literal may only specify known properties, and 'asBuyer' does not exist in type 'UserCountOutputTypeSelect<DefaultArgs>'.
backend/services/admin/src/admin.service.ts(118,13): error TS2353: Object literal may only specify known properties, and 'asBuyer' does not exist in type 'UserCountOutputTypeSelect<DefaultArgs>'.
backend/services/admin/src/admin.service.ts(195,11): error TS2353: Object literal may only specify known properties, and 'store' does not exist in type 'OrderInclude<DefaultArgs>'.
backend/services/ai-matching/src/ai-matching.service.ts(187,9): error TS2353: Object literal may only specify known properties, and 'freelancerId' does not exist in type 'JobWhereInput'.
backend/services/ai-matching/src/ai-matching.service.ts(200,9): error TS2322: Type '"OPEN"' is not assignable to type 'EnumContractStatusFilter<"Contract"> | ContractStatus | undefined'.
backend/services/ai-matching/src/ai-matching.service.ts(201,9): error TS2322: Type 'null' is not assignable to type 'string | StringFilter<"Contract"> | undefined'.
backend/services/ai-matching/src/ai-matching.service.ts(214,13): error TS2339: Property 'skills' does not exist on type '{ id: string; status: JobStatus; currency: string; createdAt: Date; updatedAt: Date; description: string; type: JobType; viewCount: number; clientId: string; ... 8 more ...; publishedAt: Date | null; }'.
backend/services/ai-matching/src/ai-matching.service.ts(214,26): error TS7006: Parameter 's' implicitly has an 'any' type.
backend/services/ai-matching/src/ai-matching.service.ts(217,12): error TS7006: Parameter 'js' implicitly has an 'any' type.
backend/services/ai-matching/src/ai-matching.service.ts(314,9): error TS2353: Object literal may only specify known properties, and 'isVerified' does not exist in type 'UserWhereInput'.
backend/services/ai-matching/src/ai-matching.service.ts(336,21): error TS2339: Property 'freelancerProfile' does not exist on type '{ id: string; currency: string; createdAt: Date; updatedAt: Date; email: string; phone: string | null; country: string | null; city: string | null; address: string | null; passwordHash: string; ... 25 more ...; deletedAt: Date | null; }'.
backend/services/ai-matching/src/ai-matching.service.ts(337,21): error TS2339: Property 'freelancerProfile' does not exist on type '{ id: string; currency: string; createdAt: Date; updatedAt: Date; email: string; phone: string | null; country: string | null; city: string | null; address: string | null; passwordHash: string; ... 25 more ...; deletedAt: Date | null; }'.
backend/services/ai-matching/src/ai-matching.service.ts(359,21): error TS2339: Property 'freelancerProfile' does not exist on type '{ id: string; currency: string; createdAt: Date; updatedAt: Date; email: string; phone: string | null; country: string | null; city: string | null; address: string | null; passwordHash: string; ... 25 more ...; deletedAt: Date | null; }'.
backend/services/ai-matching/src/ai-matching.service.ts(361,21): error TS2339: Property 'freelancerProfile' does not exist on type '{ id: string; currency: string; createdAt: Date; updatedAt: Date; email: string; phone: string | null; country: string | null; city: string | null; address: string | null; passwordHash: string; ... 25 more ...; deletedAt: Date | null; }'.
backend/services/analytics/src/analytics.service.spec.ts(137,23): error TS2339: Property 'findMany' does not exist on type '{ count: Mock<any, any, any>; }'.
backend/services/analytics/src/analytics.service.ts(79,46): error TS2322: Type '"COMPLETED"' is not assignable to type 'OrderStatus'.
backend/services/analytics/src/analytics.service.ts(94,21): error TS18048: 'totalRevenueResult._sum' is possibly 'undefined'.
backend/services/analytics/src/analytics.service.ts(110,37): error TS2322: Type '"COMPLETED"' is not assignable to type 'OrderStatus'.
backend/services/analytics/src/analytics.service.ts(244,44): error TS2367: This comparison appears to be unintentional because the types '"CANCELLED" | "PENDING" | "PAID" | "REFUNDED" | "PROCESSING" | "PACKED" | "SHIPPED" | "RETURNED"' and '"COMPLETED"' have no overlap.
backend/services/analytics/src/analytics.service.ts(262,45): error TS2339: Property 'toNumber' does not exist on type 'number'.
backend/services/api-gateway/src/app.module.ts(21,10): error TS2724: '"../../kyc/src/kyc.module"' has no exported member named 'KycModule'. Did you mean 'KYCModule'?
backend/services/api-gateway/src/middleware/auth.middleware.ts(24,7): error TS2717: Subsequent property declarations must have the same type.  Property 'user' must be of type 'User | undefined', but here has type 'JwtPayload | undefined'.
backend/services/api-gateway/src/middleware/auth.middleware.ts(111,52): error TS18046: 'error' is of type 'unknown'.
backend/services/auth/src/auth.module.ts(11,10): error TS2305: Module '"./strategies/apple.strategy"' has no exported member 'AppleStrategy'.
backend/services/auth/src/strategies/jwt.strategy.ts(47,7): error TS2322: Type '{ id: string; createdAt: Date; role: Role; userId: string; }[]' is not assignable to type 'string[]'.
  Type '{ id: string; createdAt: Date; role: Role; userId: string; }' is not assignable to type 'string'.
backend/services/dispute/src/dispute.service.spec.ts(179,24): error TS2339: Property 'openedById' does not exist on type 'DisputeRecord'.
backend/services/escrow/src/escrow.service.spec.ts(41,11): error TS2741: Property 'contractId' is missing in type '{ currency: string; totalAmount: number; clientId: string; freelancerId: string; projectTitle: string; commissionRate: number; milestones: { title: string; amount: number; }[]; }' but required in type 'CreateEscrowDto'.
backend/services/escrow/src/escrow.service.spec.ts(81,21): error TS2339: Property 'totalAmount' does not exist on type 'EscrowRecord'.
backend/services/escrow/src/escrow.service.spec.ts(82,21): error TS2339: Property 'commissionAmount' does not exist on type 'EscrowRecord'.
backend/services/escrow/src/escrow.service.spec.ts(83,21): error TS2551: Property 'netAmount' does not exist on type 'EscrowRecord'. Did you mean 'amount'?
backend/services/freelance/src/dto/freelance.dto.ts(173,3): error TS2564: Property 'headline' has no initializer and is not definitely assigned in the constructor.
backend/services/freelance/src/freelance.service.spec.ts(263,73): error TS2322: Type '"expert"' is not assignable to type 'ProficiencyLevel | undefined'.
backend/services/freelance/src/freelance.service.ts(168,32): error TS2339: Property 'portfolio' does not exist on type '{ id: string; currency: string; createdAt: Date; updatedAt: Date; userId: string; averageRating: Decimal; reviewCount: number; hourlyRate: Decimal | null; headline: string | null; ... 5 more ...; responseTime: number | null; }'.
backend/services/freelance/src/freelance.service.ts(172,15): error TS2353: Object literal may only specify known properties, and 'portfolio' does not exist in type '(Without<FreelancerProfileUpdateInput, FreelancerProfileUncheckedUpdateInput> & FreelancerProfileUncheckedUpdateInput) | (Without<...> & FreelancerProfileUpdateInput)'.
backend/services/freelance/src/freelance.service.ts(196,28): error TS2339: Property 'skills' does not exist on type '{ id: string; currency: string; createdAt: Date; updatedAt: Date; userId: string; averageRating: Decimal; reviewCount: number; hourlyRate: Decimal | null; headline: string | null; ... 5 more ...; responseTime: number | null; }'.
backend/services/freelance/src/freelance.service.ts(205,9): error TS2322: Type 'any[]' is not assignable to type 'FreelancerSkillUncheckedUpdateManyWithoutFreelancerProfileNestedInput | FreelancerSkillUpdateManyWithoutFreelancerProfileNestedInput | undefined'.
backend/services/freelance/src/freelance.service.ts(228,29): error TS2339: Property 'skills' does not exist on type '{ id: string; currency: string; createdAt: Date; updatedAt: Date; userId: string; averageRating: Decimal; reviewCount: number; hourlyRate: Decimal | null; headline: string | null; ... 5 more ...; responseTime: number | null; }'.
backend/services/freelance/src/freelance.service.ts(234,15): error TS2322: Type 'any[]' is not assignable to type 'FreelancerSkillUncheckedUpdateManyWithoutFreelancerProfileNestedInput | FreelancerSkillUpdateManyWithoutFreelancerProfileNestedInput | undefined'.
backend/services/freelance/src/freelance.service.ts(258,32): error TS2339: Property 'experience' does not exist on type '{ id: string; currency: string; createdAt: Date; updatedAt: Date; userId: string; averageRating: Decimal; reviewCount: number; hourlyRate: Decimal | null; headline: string | null; ... 5 more ...; responseTime: number | null; }'.
backend/services/freelance/src/freelance.service.ts(268,9): error TS2561: Object literal may only specify known properties, but 'experience' does not exist in type '(Without<FreelancerProfileUpdateInput, FreelancerProfileUncheckedUpdateInput> & FreelancerProfileUncheckedUpdateInput) | (Without<...> & FreelancerProfileUpdateInput)'. Did you mean to write 'experiences'?
backend/services/freelance/src/freelance.service.ts(293,31): error TS2339: Property 'education' does not exist on type '{ id: string; currency: string; createdAt: Date; updatedAt: Date; userId: string; averageRating: Decimal; reviewCount: number; hourlyRate: Decimal | null; headline: string | null; ... 5 more ...; responseTime: number | null; }'.
backend/services/freelance/src/freelance.service.ts(302,9): error TS2561: Object literal may only specify known properties, but 'education' does not exist in type '(Without<FreelancerProfileUpdateInput, FreelancerProfileUncheckedUpdateInput> & FreelancerProfileUncheckedUpdateInput) | (Without<...> & FreelancerProfileUpdateInput)'. Did you mean to write 'educations'?
backend/services/freelance/src/freelance.service.ts(327,36): error TS2339: Property 'certifications' does not exist on type '{ id: string; currency: string; createdAt: Date; updatedAt: Date; userId: string; averageRating: Decimal; reviewCount: number; hourlyRate: Decimal | null; headline: string | null; ... 5 more ...; responseTime: number | null; }'.
backend/services/freelance/src/freelance.service.ts(336,9): error TS2322: Type 'any[]' is not assignable to type 'FreelancerCertificationUncheckedUpdateManyWithoutFreelancerProfileNestedInput | FreelancerCertificationUpdateManyWithoutFreelancerProfileNestedInput | undefined'.
backend/services/freelance/src/freelance.service.ts(359,31): error TS2339: Property 'languages' does not exist on type '{ id: string; currency: string; createdAt: Date; updatedAt: Date; userId: string; averageRating: Decimal; reviewCount: number; hourlyRate: Decimal | null; headline: string | null; ... 5 more ...; responseTime: number | null; }'.
backend/services/freelance/src/freelance.service.ts(363,9): error TS2322: Type 'any[]' is not assignable to type 'FreelancerLanguageUncheckedUpdateManyWithoutFreelancerProfileNestedInput | FreelancerLanguageUpdateManyWithoutFreelancerProfileNestedInput | undefined'.
backend/services/job/src/job.service.ts(22,9): error TS2353: Object literal may only specify known properties, and 'location' does not exist in type 'Without<JobCreateInput, JobUncheckedCreateInput> & JobUncheckedCreateInput'.
backend/services/job/src/job.service.ts(45,18): error TS2339: Property 'roles' does not exist on type '{ id: string; currency: string; createdAt: Date; updatedAt: Date; email: string; phone: string | null; country: string | null; city: string | null; address: string | null; passwordHash: string; ... 25 more ...; deletedAt: Date | null; }'.
backend/services/job/src/job.service.ts(88,18): error TS2339: Property 'roles' does not exist on type '{ id: string; currency: string; createdAt: Date; updatedAt: Date; email: string; phone: string | null; country: string | null; city: string | null; address: string | null; passwordHash: string; ... 25 more ...; deletedAt: Date | null; }'.
backend/services/job/src/job.service.ts(106,89): error TS2353: Object literal may only specify known properties, and 'averageRating' does not exist in type 'UserSelect<DefaultArgs>'.
backend/services/job/src/job.service.ts(114,97): error TS2353: Object literal may only specify known properties, and 'averageRating' does not exist in type 'UserSelect<DefaultArgs>'.
backend/services/job/src/job.service.ts(256,93): error TS2353: Object literal may only specify known properties, and 'averageRating' does not exist in type 'UserSelect<DefaultArgs>'.
backend/services/job/src/job.service.ts(275,18): error TS2339: Property 'roles' does not exist on type '{ id: string; currency: string; createdAt: Date; updatedAt: Date; email: string; phone: string | null; country: string | null; city: string | null; address: string | null; passwordHash: string; ... 25 more ...; deletedAt: Date | null; }'.
backend/services/job/src/job.service.ts(284,93): error TS2353: Object literal may only specify known properties, and 'averageRating' does not exist in type 'UserSelect<DefaultArgs>'.
backend/services/messaging/src/messaging.controller.ts(18,3): error TS2564: Property 'participantIds' has no initializer and is not definitely assigned in the constructor.
backend/services/messaging/src/messaging.controller.ts(25,3): error TS2564: Property 'conversationId' has no initializer and is not definitely assigned in the constructor.
backend/services/messaging/src/messaging.controller.ts(26,3): error TS2564: Property 'content' has no initializer and is not definitely assigned in the constructor.
backend/services/messaging/src/messaging.gateway.ts(25,3): error TS2564: Property 'server' has no initializer and is not definitely assigned in the constructor.
backend/services/messaging/src/messaging.service.ts(18,9): error TS2353: Object literal may only specify known properties, and 'jobId' does not exist in type '(Without<ConversationCreateInput, ConversationUncheckedCreateInput> & ConversationUncheckedCreateInput) | (Without<...> & ConversationCreateInput)'.
backend/services/messaging/src/messaging.service.ts(31,13): error TS2353: Object literal may only specify known properties, and 'user' does not exist in type 'ConversationParticipantInclude<DefaultArgs>'.
backend/services/messaging/src/messaging.service.ts(55,13): error TS2353: Object literal may only specify known properties, and 'user' does not exist in type 'ConversationParticipantInclude<DefaultArgs>'.
backend/services/messaging/src/messaging.service.ts(62,43): error TS2353: Object literal may only specify known properties, and 'name' does not exist in type 'UserSelect<DefaultArgs>'.
backend/services/messaging/src/messaging.service.ts(98,41): error TS2353: Object literal may only specify known properties, and 'name' does not exist in type 'UserSelect<DefaultArgs>'.
backend/services/messaging/src/messaging.service.ts(141,9): error TS2353: Object literal may only specify known properties, and 'messageType' does not exist in type 'Without<MessageCreateInput, MessageUncheckedCreateInput> & MessageUncheckedCreateInput'.
backend/services/messaging/src/messaging.service.ts(145,39): error TS2353: Object literal may only specify known properties, and 'name' does not exist in type 'UserSelect<DefaultArgs>'.
backend/services/messaging/src/messaging.service.ts(175,9): error TS2353: Object literal may only specify known properties, and 'readBy' does not exist in type 'MessageWhereInput'.
backend/services/messaging/src/messaging.service.ts(184,25): error TS2339: Property 'messageReadReceipt' does not exist on type 'PrismaService'.
backend/services/notification/src/notification.service.spec.ts(91,21): error TS2339: Property 'channels' does not exist on type '{ data: JsonValue; id: string; createdAt: Date; userId: string; type: NotificationType; title: string; isRead: boolean; readAt: Date | null; body: string; sentViaEmail: boolean; sentViaSms: boolean; sentViaPush: boolean; sentViaInApp: boolean; }'.
backend/services/notification/src/notification.service.ts(54,9): error TS2322: Type 'string' is not assignable to type 'NotificationType'.
backend/services/notification/src/notification.service.ts(175,17): error TS2353: Object literal may only specify known properties, and 'notificationSettings' does not exist in type 'UserSelect<DefaultArgs>'.
backend/services/notification/src/notification.service.ts(182,18): error TS2339: Property 'notificationSettings' does not exist on type '{ id: string; email: string; phone: string | null; passwordHash: string; firstName: string; lastName: string; avatarUrl: string | null; bio: string | null; dateOfBirth: Date | null; ... 26 more ...; deletedAt: Date | null; }'.
backend/services/notification/src/notification.service.ts(205,15): error TS2353: Object literal may only specify known properties, and 'notificationSettings' does not exist in type '(Without<UserUpdateInput, UserUncheckedUpdateInput> & UserUncheckedUpdateInput) | (Without<...> & UserUpdateInput)'.
backend/services/notification/src/notification.service.ts(224,32): error TS2353: Object literal may only specify known properties, and 'notificationSettings' does not exist in type 'UserSelect<DefaultArgs>'.
backend/services/notification/src/notification.service.ts(232,30): error TS2339: Property 'notificationSettings' does not exist on type '{ id: string; email: string; phone: string | null; passwordHash: string; firstName: string; lastName: string; avatarUrl: string | null; bio: string | null; dateOfBirth: Date | null; ... 26 more ...; deletedAt: Date | null; }'.
backend/services/notification/src/notification.service.ts(249,19): error TS2353: Object literal may only specify known properties, and 'phoneNumber' does not exist in type 'UserSelect<DefaultArgs>'.
backend/services/notification/src/notification.service.ts(252,26): error TS2339: Property 'phoneNumber' does not exist on type '{ id: string; email: string; phone: string | null; passwordHash: string; firstName: string; lastName: string; avatarUrl: string | null; bio: string | null; dateOfBirth: Date | null; ... 26 more ...; deletedAt: Date | null; }'.
backend/services/notification/src/notification.service.ts(257,30): error TS2339: Property 'notificationSettings' does not exist on type '{ id: string; email: string; phone: string | null; passwordHash: string; firstName: string; lastName: string; avatarUrl: string | null; bio: string | null; dateOfBirth: Date | null; ... 26 more ...; deletedAt: Date | null; }'.
backend/services/notification/src/notification.service.ts(264,46): error TS2339: Property 'phoneNumber' does not exist on type '{ id: string; email: string; phone: string | null; passwordHash: string; firstName: string; lastName: string; avatarUrl: string | null; bio: string | null; dateOfBirth: Date | null; ... 26 more ...; deletedAt: Date | null; }'.
backend/services/notification/src/notification.service.ts(279,19): error TS2353: Object literal may only specify known properties, and 'notificationSettings' does not exist in type 'UserSelect<DefaultArgs>'.
backend/services/notification/src/notification.service.ts(287,30): error TS2339: Property 'notificationSettings' does not exist on type '{ id: string; email: string; phone: string | null; passwordHash: string; firstName: string; lastName: string; avatarUrl: string | null; bio: string | null; dateOfBirth: Date | null; ... 26 more ...; deletedAt: Date | null; }'.
backend/services/payment/src/payment.service.ts(55,7): error TS2322: Type '{ orderId: any; contractId: any; userId: string; providerRef: any; amount: any; currency: any; status: any; type: string; }' is not assignable to type '(Without<TransactionCreateInput, TransactionUncheckedCreateInput> & TransactionUncheckedCreateInput) | (Without<...> & TransactionCreateInput)'.
  Type '{ orderId: any; contractId: any; userId: string; providerRef: any; amount: any; currency: any; status: any; type: string; }' is not assignable to type 'Without<TransactionUncheckedCreateInput, TransactionCreateInput> & TransactionCreateInput'.
    Property 'providerId' is missing in type '{ orderId: any; contractId: any; userId: string; providerRef: any; amount: any; currency: any; status: any; type: string; }' but required in type 'TransactionCreateInput'.
backend/services/product/src/product.service.spec.ts(130,21): error TS2339: Property 'stock' does not exist on type '{ id: string; name: string; slug: string; description: string | null; shortDescription: string | null; type: ProductType; status: ProductStatus; price: Decimal; ... 23 more ...; categoryId: string | null; }'.
backend/services/product/src/product.service.spec.ts(138,21): error TS2339: Property 'stock' does not exist on type '{ id: string; name: string; slug: string; description: string | null; shortDescription: string | null; type: ProductType; status: ProductStatus; price: Decimal; ... 23 more ...; categoryId: string | null; }'.
backend/services/product/src/product.service.ts(17,7): error TS2322: Type '{ name: any; description: any; price: any; currency: any; categoryId: any; sku: any; storeId: any; weight: any; status: any; shortDescription: any; compareAtPrice: any; quantity: any; lowStockThreshold: any; trackInventory: any; metaTitle: any; metaDescription: any; variants: { ...; } | undefined; }' is not assignable to type '(Without<ProductCreateInput, ProductUncheckedCreateInput> & ProductUncheckedCreateInput) | (Without<...> & ProductCreateInput)'.
  Type '{ name: any; description: any; price: any; currency: any; categoryId: any; sku: any; storeId: any; weight: any; status: any; shortDescription: any; compareAtPrice: any; quantity: any; lowStockThreshold: any; trackInventory: any; metaTitle: any; metaDescription: any; variants: { ...; } | undefined; }' is not assignable to type 'Without<ProductUncheckedCreateInput, ProductCreateInput> & ProductCreateInput'.
    Type '{ name: any; description: any; price: any; currency: any; categoryId: any; sku: any; storeId: any; weight: any; status: any; shortDescription: any; compareAtPrice: any; quantity: any; lowStockThreshold: any; trackInventory: any; metaTitle: any; metaDescription: any; variants: { ...; } | undefined; }' is missing the following properties from type 'ProductCreateInput': slug, store
backend/services/product/src/store.service.ts(32,9): error TS2353: Object literal may only specify known properties, and 'tags' does not exist in type 'Without<StoreCreateInput, StoreUncheckedCreateInput> & StoreUncheckedCreateInput'.
backend/services/product/src/store.service.ts(43,37): error TS2353: Object literal may only specify known properties, and 'name' does not exist in type 'UserSelect<DefaultArgs>'.
backend/services/product/src/store.service.ts(69,37): error TS2353: Object literal may only specify known properties, and 'name' does not exist in type 'UserSelect<DefaultArgs>'.
backend/services/product/src/store.service.ts(115,9): error TS2353: Object literal may only specify known properties, and 'tags' does not exist in type '(Without<StoreUpdateInput, StoreUncheckedUpdateInput> & StoreUncheckedUpdateInput) | (Without<...> & StoreUpdateInput)'.
backend/services/product/src/store.service.ts(172,46): error TS2339: Property 'storeFollower' does not exist on type 'PrismaService'.
backend/services/product/src/store.service.ts(182,25): error TS2339: Property 'storeFollower' does not exist on type 'PrismaService'.
backend/services/product/src/store.service.ts(188,23): error TS2339: Property 'storeFollower' does not exist on type 'PrismaService'.
backend/services/review/src/review.controller.ts(20,3): error TS2564: Property 'rating' has no initializer and is not definitely assigned in the constructor.
backend/services/review/src/review.controller.ts(22,3): error TS2564: Property 'comment' has no initializer and is not definitely assigned in the constructor.
backend/services/review/src/review.controller.ts(27,3): error TS2564: Property 'response' has no initializer and is not definitely assigned in the constructor.
backend/services/review/src/review.controller.ts(31,3): error TS2564: Property 'status' has no initializer and is not definitely assigned in the constructor.
backend/services/review/src/review.controller.ts(54,7): error TS2353: Object literal may only specify known properties, and 'productId' does not exist in type 'CreateReviewInput'.
backend/services/review/src/review.controller.ts(130,78): error TS2345: Argument of type '"approved" | "rejected" | "flagged"' is not assignable to parameter of type '"approve" | "reject" | "flag"'.
  Type '"approved"' is not assignable to type '"approve" | "reject" | "flag"'. Did you mean '"approve"'?
backend/services/review/src/review.service.spec.ts(72,9): error TS2353: Object literal may only specify known properties, and 'productId' does not exist in type 'CreateReviewInput'.
backend/services/review/src/review.service.spec.ts(76,21): error TS2339: Property 'productId' does not exist on type '{ id: string; createdAt: Date; updatedAt: Date; title: string | null; targetId: string; targetType: string; rating: number; comment: string | null; isVerifiedPurchase: boolean; ... 5 more ...; reviewerId: string; }'.
backend/services/review/src/review.service.spec.ts(77,21): error TS2339: Property 'status' does not exist on type '{ id: string; createdAt: Date; updatedAt: Date; title: string | null; targetId: string; targetType: string; rating: number; comment: string | null; isVerifiedPurchase: boolean; ... 5 more ...; reviewerId: string; }'.
backend/services/review/src/review.service.spec.ts(85,11): error TS2353: Object literal may only specify known properties, and 'productId' does not exist in type 'CreateReviewInput'.
backend/services/review/src/review.service.spec.ts(93,11): error TS2353: Object literal may only specify known properties, and 'productId' does not exist in type 'CreateReviewInput'.
backend/services/review/src/review.service.spec.ts(100,40): error TS2345: Argument of type '{ rating: number; comment: string; }' is not assignable to parameter of type 'CreateReviewInput'.
  Type '{ rating: number; comment: string; }' is missing the following properties from type 'CreateReviewInput': targetType, targetId
backend/services/review/src/review.service.spec.ts(112,11): error TS2353: Object literal may only specify known properties, and 'productId' does not exist in type 'CreateReviewInput'.
backend/services/review/src/review.service.spec.ts(125,11): error TS2353: Object literal may only specify known properties, and 'productId' does not exist in type 'CreateReviewInput'.
backend/services/review/src/review.service.spec.ts(138,11): error TS2353: Object literal may only specify known properties, and 'productId' does not exist in type 'CreateReviewInput'.
backend/services/review/src/review.service.spec.ts(162,9): error TS2353: Object literal may only specify known properties, and 'sellerId' does not exist in type 'CreateReviewInput'.
backend/services/review/src/review.service.spec.ts(165,21): error TS2339: Property 'sellerId' does not exist on type '{ id: string; createdAt: Date; updatedAt: Date; title: string | null; targetId: string; targetType: string; rating: number; comment: string | null; isVerifiedPurchase: boolean; ... 5 more ...; reviewerId: string; }'.
backend/services/review/src/review.service.spec.ts(187,9): error TS2353: Object literal may only specify known properties, and 'freelancerId' does not exist in type 'CreateReviewInput'.
backend/services/review/src/review.service.spec.ts(190,21): error TS2339: Property 'freelancerId' does not exist on type '{ id: string; createdAt: Date; updatedAt: Date; title: string | null; targetId: string; targetType: string; rating: number; comment: string | null; isVerifiedPurchase: boolean; ... 5 more ...; reviewerId: string; }'.
backend/services/review/src/review.service.spec.ts(383,74): error TS2345: Argument of type '"approved"' is not assignable to parameter of type '"approve" | "reject" | "flag"'.
backend/services/review/src/review.service.spec.ts(385,21): error TS2339: Property 'status' does not exist on type '{ id: string; createdAt: Date; updatedAt: Date; title: string | null; targetId: string; targetType: string; rating: number; comment: string | null; isVerifiedPurchase: boolean; ... 5 more ...; reviewerId: string; }'.
backend/services/review/src/review.service.spec.ts(410,9): error TS2345: Argument of type '"rejected"' is not assignable to parameter of type '"approve" | "reject" | "flag"'.
backend/services/review/src/review.service.spec.ts(414,21): error TS2339: Property 'status' does not exist on type '{ id: string; createdAt: Date; updatedAt: Date; title: string | null; targetId: string; targetType: string; rating: number; comment: string | null; isVerifiedPurchase: boolean; ... 5 more ...; reviewerId: string; }'.
backend/services/review/src/review.service.spec.ts(415,21): error TS2339: Property 'moderationReason' does not exist on type '{ id: string; createdAt: Date; updatedAt: Date; title: string | null; targetId: string; targetType: string; rating: number; comment: string | null; isVerifiedPurchase: boolean; ... 5 more ...; reviewerId: string; }'.
backend/services/review/src/review.service.spec.ts(422,58): error TS2345: Argument of type '"approved"' is not assignable to parameter of type '"approve" | "reject" | "flag"'.
backend/services/review/src/review.service.ts(120,9): error TS2353: Object literal may only specify known properties, and 'product' does not exist in type 'ReviewInclude<DefaultArgs>'.
backend/services/review/src/review.service.ts(128,66): error TS2339: Property 'product' does not exist on type '{ id: string; createdAt: Date; updatedAt: Date; title: string | null; targetId: string; targetType: string; rating: number; comment: string | null; isVerifiedPurchase: boolean; ... 5 more ...; reviewerId: string; }'.
backend/services/review/src/review.service.ts(203,48): error TS2339: Property 'toNumber' does not exist on type 'number'.
backend/services/search/src/search.service.ts(125,45): error TS2353: Object literal may only specify known properties, and 'logo' does not exist in type 'StoreSelect<DefaultArgs>'.
backend/services/search/src/search.service.ts(131,58): error TS2353: Object literal may only specify known properties, and 'stock' does not exist in type 'ProductVariantSelect<DefaultArgs>'.
backend/services/search/src/search.service.ts(174,22): error TS2322: Type '(string | null)[]' is not assignable to type 'string[] | FieldRef<"Category", "String[]"> | undefined'.
  Type '(string | null)[]' is not assignable to type 'string[]'.
    Type 'string | null' is not assignable to type 'string'.
      Type 'null' is not assignable to type 'string'.
backend/services/search/src/search.service.ts(254,38): error TS2353: Object literal may only specify known properties, and 'ownerId' does not exist in type 'StoreSelect<DefaultArgs>'.
backend/services/search/src/search.service.ts(256,53): error TS2353: Object literal may only specify known properties, and 'attributes' does not exist in type 'ProductVariantSelect<DefaultArgs>'.
backend/services/search/src/search.service.ts(266,17): error TS2551: Property 'store' does not exist on type '{ id: string; currency: string; createdAt: Date; updatedAt: Date; length: Decimal | null; name: string; type: ProductType; description: string | null; ... 23 more ...; reviewCount: number; }'. Did you mean 'storeId'?
backend/services/search/src/search.service.ts(266,51): error TS2339: Property 'role' does not exist on type '{ id: string; email: string; phone: string | null; passwordHash: string; firstName: string; lastName: string; avatarUrl: string | null; bio: string | null; dateOfBirth: Date | null; ... 26 more ...; deletedAt: Date | null; }'.
backend/services/search/src/search.service.ts(290,38): error TS2353: Object literal may only specify known properties, and 'ownerId' does not exist in type 'StoreSelect<DefaultArgs>'.
backend/services/search/src/search.service.ts(300,17): error TS2551: Property 'store' does not exist on type '{ id: string; currency: string; createdAt: Date; updatedAt: Date; length: Decimal | null; name: string; type: ProductType; description: string | null; ... 23 more ...; reviewCount: number; }'. Did you mean 'storeId'?
backend/services/search/src/search.service.ts(300,51): error TS2339: Property 'role' does not exist on type '{ id: string; email: string; phone: string | null; passwordHash: string; firstName: string; lastName: string; avatarUrl: string | null; bio: string | null; dateOfBirth: Date | null; ... 26 more ...; deletedAt: Date | null; }'.
backend/services/search/src/search.service.ts(322,57): error TS2353: Object literal may only specify known properties, and 'attributes' does not exist in type 'ProductVariantSelect<DefaultArgs>'.
backend/services/user/src/user.service.spec.ts(89,21): error TS2339: Property 'preferences' does not exist on type '{ email: string; firstName: string; lastName: string; roles: { id: string; createdAt: Date; role: Role; userId: string; }[]; id: string; phone: string | null; avatarUrl: string | null; ... 4 more ...; updatedAt: Date; }'.
backend/services/user/src/user.service.spec.ts(90,21): error TS2339: Property 'preferences' does not exist on type '{ email: string; firstName: string; lastName: string; roles: { id: string; createdAt: Date; role: Role; userId: string; }[]; id: string; phone: string | null; avatarUrl: string | null; ... 4 more ...; updatedAt: Date; }'.
backend/services/user/src/user.service.spec.ts(91,21): error TS2339: Property 'preferences' does not exist on type '{ email: string; firstName: string; lastName: string; roles: { id: string; createdAt: Date; role: Role; userId: string; }[]; id: string; phone: string | null; avatarUrl: string | null; ... 4 more ...; updatedAt: Date; }'.
backend/services/user/src/user.service.ts(136,9): error TS2353: Object literal may only specify known properties, and 'state' does not exist in type 'UserSelect<DefaultArgs>'.
backend/services/user/src/user.service.ts(193,9): error TS2353: Object literal may only specify known properties, and 'preferences' does not exist in type '(Without<UserUpdateInput, UserUncheckedUpdateInput> & UserUncheckedUpdateInput) | (Without<...> & UserUpdateInput)'.
backend/services/ussd/src/ussd.controller.ts(16,3): error TS2564: Property 'phoneNumber' has no initializer and is not definitely assigned in the constructor.
backend/services/ussd/src/ussd.controller.ts(17,3): error TS2564: Property 'sessionId' has no initializer and is not definitely assigned in the constructor.
backend/services/ussd/src/ussd.controller.ts(18,3): error TS2564: Property 'userInput' has no initializer and is not definitely assigned in the constructor.
backend/services/ussd/src/ussd.service.ts(181,41): error TS2345: Argument of type '{ currency: string; available: number; auLabel: string; }[]' is not assignable to parameter of type '{ currency: string; available: number; pending: number; }[]'.
  Property 'pending' is missing in type '{ currency: string; available: number; auLabel: string; }' but required in type '{ currency: string; available: number; pending: number; }'.
backend/services/ussd/src/ussd.service.ts(443,9): error TS2353: Object literal may only specify known properties, and 'currentMenu' does not exist in type '(Without<UssdSessionCreateInput, UssdSessionUncheckedCreateInput> & UssdSessionUncheckedCreateInput) | (Without<...> & UssdSessionCreateInput)'.
backend/services/ussd/src/ussd.service.ts(481,15): error TS2353: Object literal may only specify known properties, and 'currentMenu' does not exist in type '(Without<UssdSessionUpdateInput, UssdSessionUncheckedUpdateInput> & UssdSessionUncheckedUpdateInput) | (Without<...> & UssdSessionUpdateInput)'.
backend/services/ussd/src/ussd.service.ts(491,37): error TS2339: Property 'data' does not exist on type '{ id: string; createdAt: Date; updatedAt: Date; userId: string | null; response: string | null; status: string; phoneNumber: string; sessionId: string; text: string; serviceCode: string; }'.
backend/services/ussd/src/ussd.service.ts(494,17): error TS2353: Object literal may only specify known properties, and 'data' does not exist in type '(Without<UssdSessionUpdateInput, UssdSessionUncheckedUpdateInput> & UssdSessionUncheckedUpdateInput) | (Without<...> & UssdSessionUpdateInput)'.
backend/services/ussd/src/ussd.service.ts(502,15): error TS2353: Object literal may only specify known properties, and 'language' does not exist in type '(Without<UssdSessionUpdateInput, UssdSessionUncheckedUpdateInput> & UssdSessionUncheckedUpdateInput) | (Without<...> & UssdSessionUpdateInput)'.
backend/services/ussd/src/ussd.service.ts(511,9): error TS2353: Object literal may only specify known properties, and 'expiresAt' does not exist in type '(Without<UssdSessionUpdateInput, UssdSessionUncheckedUpdateInput> & UssdSessionUncheckedUpdateInput) | (Without<...> & UssdSessionUpdateInput)'.
backend/services/ussd/src/ussd.service.ts(578,11): error TS2353: Object literal may only specify known properties, and 'description' does not exist in type '(Without<WithdrawalRequestCreateInput, WithdrawalRequestUncheckedCreateInput> & WithdrawalRequestUncheckedCreateInput) | (Without<...> & WithdrawalRequestCreateInput)'.
backend/services/ussd/src/ussd.service.ts(633,23): error TS2339: Property 'currentMenu' does not exist on type '{ id: string; createdAt: Date; updatedAt: Date; userId: string | null; response: string | null; status: string; phoneNumber: string; sessionId: string; text: string; serviceCode: string; }'.
backend/services/ussd/src/ussd.service.ts(633,55): error TS2339: Property 'currentMenu' does not exist on type '{ id: string; createdAt: Date; updatedAt: Date; userId: string | null; response: string | null; status: string; phoneNumber: string; sessionId: string; text: string; serviceCode: string; }'.
backend/services/ussd/src/ussd.service.ts(638,27): error TS2339: Property 'language' does not exist on type '{ id: string; createdAt: Date; updatedAt: Date; userId: string | null; response: string | null; status: string; phoneNumber: string; sessionId: string; text: string; serviceCode: string; }'.
backend/services/ussd/src/ussd.service.ts(638,60): error TS2339: Property 'language' does not exist on type '{ id: string; createdAt: Date; updatedAt: Date; userId: string | null; response: string | null; status: string; phoneNumber: string; sessionId: string; text: string; serviceCode: string; }'.
backend/services/wallet/src/wallet.service.spec.ts(85,21): error TS2339: Property 'defaultCurrency' does not exist on type 'WalletData'.
backend/services/wallet/src/wallet.service.spec.ts(94,21): error TS2339: Property 'defaultCurrency' does not exist on type 'WalletData'.
backend/services/wallet/src/wallet.service.spec.ts(122,21): error TS2339: Property 'availableBalance' does not exist on type 'WalletBalanceView'.
backend/services/wallet/src/wallet.service.spec.ts(175,21): error TS2339: Property 'availableBalance' does not exist on type 'WalletBalanceView'.
backend/shared/events/src/transports/kafka.transport.ts(17,14): error TS2415: Class 'KafkaTransport' incorrectly extends base class 'EventPublisher'.
  Types have separate declarations of a private property 'logger'.
backend/shared/events/src/transports/rabbitmq.transport.ts(13,14): error TS2415: Class 'RabbitMQTransport' incorrectly extends base class 'EventPublisher'.
  Types have separate declarations of a private property 'logger'.
